<?xml version="1.0" encoding="UTF-8"?>
<robot generator="Robot 4.0.2 (Python 3.9.5 on win32)" generated="20210526 13:58:12.878" rpa="false" schemaversion="2">
<suite id="s1" name="Testcase" source="C:\Users\Administrador\Desktop\alta\testcase">
<suite id="s1-s1" name="Login" source="C:\Users\Administrador\Desktop\alta\testcase\login.robot">
<test id="s1-s1-t1" name="CT001 - Logar">
<kw name="Open Connection" library="Mainframe3270">
<arg>teague-tammvs1.tamu.edu</arg>
<arg>port= 992</arg>
<doc>Create a connection with IBM3270 mainframe with the default port 23. To make a connection with the mainframe
you only must inform the Host. You can pass the Logical Unit Name and the Port as optional.</doc>
<status status="PASS" starttime="20210526 13:58:12.961" endtime="20210526 13:58:13.476"/>
</kw>
<kw name="Sleep" library="BuiltIn">
<arg>8</arg>
<doc>Pauses the test executed for the given time.</doc>
<msg timestamp="20210526 13:58:21.490" level="INFO">Slept 8 seconds</msg>
<status status="PASS" starttime="20210526 13:58:13.476" endtime="20210526 13:58:21.490"/>
</kw>
<kw name="Logar No Terminal" library="LoginTC">
<kw name="Acessar o Sistema" library="LoginDAO">
<arg>${sistema}</arg>
<arg>${posicao_x}</arg>
<arg>${posicao_y}</arg>
<kw name="Digitar Na Posicao" library="Mainframe">
<arg>${dado}</arg>
<arg>${x}</arg>
<arg>${y}</arg>
<kw name="Limpar campo" library="Mainframe">
<arg>${y}</arg>
<arg>${x}</arg>
<kw name="Delete Field" library="Mainframe3270">
<arg>${x}</arg>
<arg>${y}</arg>
<doc>Delete a entire contents in field at current cursor location and positions
cursor at beginning of field. If you want to delete a field that is in
another position, simply pass the coordinates "ypos"/"xpos" of any part of the field.</doc>
<status status="PASS" starttime="20210526 13:58:21.492" endtime="20210526 13:58:21.493"/>
</kw>
<status status="PASS" starttime="20210526 13:58:21.491" endtime="20210526 13:58:21.493"/>
</kw>
<kw name="Write Bare In Position" library="Mainframe3270">
<arg>${text}</arg>
<arg>${y}</arg>
<arg>${x}</arg>
<doc>Send only the string to the screen at screen co-ordinates "ypos"/"xpos".</doc>
<status status="PASS" starttime="20210526 13:58:21.493" endtime="20210526 13:58:21.494"/>
</kw>
<status status="PASS" starttime="20210526 13:58:21.491" endtime="20210526 13:58:21.494"/>
</kw>
<kw name="Transmitir" library="Mainframe">
<kw name="Capturar Screenshot" library="Mainframe">
<kw name="Take Screenshot" library="Mainframe3270">
<doc>Generate a screenshot of the IBM 3270 Mainframe in a html format. The
default folder is the log folder of RobotFramework, if you want change see the `Set Screenshot Folder`.</doc>
<msg timestamp="20210526 13:58:21.496" level="INFO" html="true">&lt;iframe src="./screenshot_1622048301495.html" height="410" width="670"&gt;&lt;/iframe&gt;</msg>
<status status="PASS" starttime="20210526 13:58:21.495" endtime="20210526 13:58:21.496"/>
</kw>
<status status="PASS" starttime="20210526 13:58:21.495" endtime="20210526 13:58:21.496"/>
</kw>
<kw name="Send Enter" library="Mainframe3270">
<doc>Send a Enter to the screen.</doc>
<status status="PASS" starttime="20210526 13:58:21.496" endtime="20210526 13:58:22.264"/>
</kw>
<kw name="Capturar Screenshot" library="Mainframe">
<kw name="Take Screenshot" library="Mainframe3270">
<doc>Generate a screenshot of the IBM 3270 Mainframe in a html format. The
default folder is the log folder of RobotFramework, if you want change see the `Set Screenshot Folder`.</doc>
<msg timestamp="20210526 13:58:22.265" level="INFO" html="true">&lt;iframe src="./screenshot_1622048302264.html" height="410" width="670"&gt;&lt;/iframe&gt;</msg>
<status status="PASS" starttime="20210526 13:58:22.264" endtime="20210526 13:58:22.265"/>
</kw>
<status status="PASS" starttime="20210526 13:58:22.264" endtime="20210526 13:58:22.265"/>
</kw>
<status status="PASS" starttime="20210526 13:58:21.495" endtime="20210526 13:58:22.265"/>
</kw>
<status status="PASS" starttime="20210526 13:58:21.491" endtime="20210526 13:58:22.266"/>
</kw>
<status status="PASS" starttime="20210526 13:58:21.490" endtime="20210526 13:58:22.266"/>
</kw>
<doc>Este caso de teste tem como objetivo validar o login.</doc>
<tag>Fluxo Principal</tag>
<status status="PASS" starttime="20210526 13:58:12.961" endtime="20210526 13:58:22.266"/>
</test>
<test id="s1-s1-t2" name="CT002 - Selecionar Faculdade">
<kw name="Informar Faculdade" library="Faculdade">
<kw name="Acessar o Sistema" library="LoginDAO">
<arg>F</arg>
<arg>12</arg>
<arg>34</arg>
<kw name="Digitar Na Posicao" library="Mainframe">
<arg>${dado}</arg>
<arg>${x}</arg>
<arg>${y}</arg>
<kw name="Limpar campo" library="Mainframe">
<arg>${y}</arg>
<arg>${x}</arg>
<kw name="Delete Field" library="Mainframe3270">
<arg>${x}</arg>
<arg>${y}</arg>
<doc>Delete a entire contents in field at current cursor location and positions
cursor at beginning of field. If you want to delete a field that is in
another position, simply pass the coordinates "ypos"/"xpos" of any part of the field.</doc>
<status status="PASS" starttime="20210526 13:58:22.268" endtime="20210526 13:58:22.269"/>
</kw>
<status status="PASS" starttime="20210526 13:58:22.268" endtime="20210526 13:58:22.269"/>
</kw>
<kw name="Write Bare In Position" library="Mainframe3270">
<arg>${text}</arg>
<arg>${y}</arg>
<arg>${x}</arg>
<doc>Send only the string to the screen at screen co-ordinates "ypos"/"xpos".</doc>
<status status="PASS" starttime="20210526 13:58:22.269" endtime="20210526 13:58:22.270"/>
</kw>
<status status="PASS" starttime="20210526 13:58:22.268" endtime="20210526 13:58:22.270"/>
</kw>
<kw name="Transmitir" library="Mainframe">
<kw name="Capturar Screenshot" library="Mainframe">
<kw name="Take Screenshot" library="Mainframe3270">
<doc>Generate a screenshot of the IBM 3270 Mainframe in a html format. The
default folder is the log folder of RobotFramework, if you want change see the `Set Screenshot Folder`.</doc>
<msg timestamp="20210526 13:58:22.271" level="INFO" html="true">&lt;iframe src="./screenshot_1622048302271.html" height="410" width="670"&gt;&lt;/iframe&gt;</msg>
<status status="PASS" starttime="20210526 13:58:22.271" endtime="20210526 13:58:22.271"/>
</kw>
<status status="PASS" starttime="20210526 13:58:22.270" endtime="20210526 13:58:22.271"/>
</kw>
<kw name="Send Enter" library="Mainframe3270">
<doc>Send a Enter to the screen.</doc>
<status status="PASS" starttime="20210526 13:58:22.272" endtime="20210526 13:58:23.054"/>
</kw>
<kw name="Capturar Screenshot" library="Mainframe">
<kw name="Take Screenshot" library="Mainframe3270">
<doc>Generate a screenshot of the IBM 3270 Mainframe in a html format. The
default folder is the log folder of RobotFramework, if you want change see the `Set Screenshot Folder`.</doc>
<msg timestamp="20210526 13:58:23.055" level="INFO" html="true">&lt;iframe src="./screenshot_1622048303054.html" height="410" width="670"&gt;&lt;/iframe&gt;</msg>
<status status="PASS" starttime="20210526 13:58:23.054" endtime="20210526 13:58:23.055"/>
</kw>
<status status="PASS" starttime="20210526 13:58:23.054" endtime="20210526 13:58:23.055"/>
</kw>
<status status="PASS" starttime="20210526 13:58:22.270" endtime="20210526 13:58:23.055"/>
</kw>
<status status="PASS" starttime="20210526 13:58:22.267" endtime="20210526 13:58:23.055"/>
</kw>
<status status="PASS" starttime="20210526 13:58:22.267" endtime="20210526 13:58:23.055"/>
</kw>
<kw name="Informar Nome" library="Faculdade">
<kw name="Acessar o Sistema" library="LoginDAO">
<arg>Texeira</arg>
<arg>20</arg>
<arg>7</arg>
<kw name="Digitar Na Posicao" library="Mainframe">
<arg>${dado}</arg>
<arg>${x}</arg>
<arg>${y}</arg>
<kw name="Limpar campo" library="Mainframe">
<arg>${y}</arg>
<arg>${x}</arg>
<kw name="Delete Field" library="Mainframe3270">
<arg>${x}</arg>
<arg>${y}</arg>
<doc>Delete a entire contents in field at current cursor location and positions
cursor at beginning of field. If you want to delete a field that is in
another position, simply pass the coordinates "ypos"/"xpos" of any part of the field.</doc>
<status status="PASS" starttime="20210526 13:58:23.057" endtime="20210526 13:58:23.058"/>
</kw>
<status status="PASS" starttime="20210526 13:58:23.057" endtime="20210526 13:58:23.058"/>
</kw>
<kw name="Write Bare In Position" library="Mainframe3270">
<arg>${text}</arg>
<arg>${y}</arg>
<arg>${x}</arg>
<doc>Send only the string to the screen at screen co-ordinates "ypos"/"xpos".</doc>
<status status="PASS" starttime="20210526 13:58:23.058" endtime="20210526 13:58:23.059"/>
</kw>
<status status="PASS" starttime="20210526 13:58:23.056" endtime="20210526 13:58:23.059"/>
</kw>
<kw name="Transmitir" library="Mainframe">
<kw name="Capturar Screenshot" library="Mainframe">
<kw name="Take Screenshot" library="Mainframe3270">
<doc>Generate a screenshot of the IBM 3270 Mainframe in a html format. The
default folder is the log folder of RobotFramework, if you want change see the `Set Screenshot Folder`.</doc>
<msg timestamp="20210526 13:58:23.060" level="INFO" html="true">&lt;iframe src="./screenshot_1622048303060.html" height="410" width="670"&gt;&lt;/iframe&gt;</msg>
<status status="PASS" starttime="20210526 13:58:23.060" endtime="20210526 13:58:23.061"/>
</kw>
<status status="PASS" starttime="20210526 13:58:23.059" endtime="20210526 13:58:23.061"/>
</kw>
<kw name="Send Enter" library="Mainframe3270">
<doc>Send a Enter to the screen.</doc>
<status status="PASS" starttime="20210526 13:58:23.061" endtime="20210526 13:58:23.891"/>
</kw>
<kw name="Capturar Screenshot" library="Mainframe">
<kw name="Take Screenshot" library="Mainframe3270">
<doc>Generate a screenshot of the IBM 3270 Mainframe in a html format. The
default folder is the log folder of RobotFramework, if you want change see the `Set Screenshot Folder`.</doc>
<msg timestamp="20210526 13:58:23.892" level="INFO" html="true">&lt;iframe src="./screenshot_1622048303891.html" height="410" width="670"&gt;&lt;/iframe&gt;</msg>
<status status="PASS" starttime="20210526 13:58:23.891" endtime="20210526 13:58:23.892"/>
</kw>
<status status="PASS" starttime="20210526 13:58:23.891" endtime="20210526 13:58:23.892"/>
</kw>
<status status="PASS" starttime="20210526 13:58:23.059" endtime="20210526 13:58:23.892"/>
</kw>
<status status="PASS" starttime="20210526 13:58:23.056" endtime="20210526 13:58:23.893"/>
</kw>
<status status="PASS" starttime="20210526 13:58:23.056" endtime="20210526 13:58:23.893"/>
</kw>
<kw name="Informar na lista" library="Faculdade">
<kw name="Acessar o Sistema" library="LoginDAO">
<arg>teta</arg>
<arg>20</arg>
<arg>7</arg>
<kw name="Digitar Na Posicao" library="Mainframe">
<arg>${dado}</arg>
<arg>${x}</arg>
<arg>${y}</arg>
<kw name="Limpar campo" library="Mainframe">
<arg>${y}</arg>
<arg>${x}</arg>
<kw name="Delete Field" library="Mainframe3270">
<arg>${x}</arg>
<arg>${y}</arg>
<doc>Delete a entire contents in field at current cursor location and positions
cursor at beginning of field. If you want to delete a field that is in
another position, simply pass the coordinates "ypos"/"xpos" of any part of the field.</doc>
<status status="PASS" starttime="20210526 13:58:23.895" endtime="20210526 13:58:23.896"/>
</kw>
<status status="PASS" starttime="20210526 13:58:23.894" endtime="20210526 13:58:23.896"/>
</kw>
<kw name="Write Bare In Position" library="Mainframe3270">
<arg>${text}</arg>
<arg>${y}</arg>
<arg>${x}</arg>
<doc>Send only the string to the screen at screen co-ordinates "ypos"/"xpos".</doc>
<status status="PASS" starttime="20210526 13:58:23.896" endtime="20210526 13:58:23.897"/>
</kw>
<status status="PASS" starttime="20210526 13:58:23.894" endtime="20210526 13:58:23.897"/>
</kw>
<kw name="Transmitir" library="Mainframe">
<kw name="Capturar Screenshot" library="Mainframe">
<kw name="Take Screenshot" library="Mainframe3270">
<doc>Generate a screenshot of the IBM 3270 Mainframe in a html format. The
default folder is the log folder of RobotFramework, if you want change see the `Set Screenshot Folder`.</doc>
<msg timestamp="20210526 13:58:23.898" level="INFO" html="true">&lt;iframe src="./screenshot_1622048303897.html" height="410" width="670"&gt;&lt;/iframe&gt;</msg>
<status status="PASS" starttime="20210526 13:58:23.897" endtime="20210526 13:58:23.898"/>
</kw>
<status status="PASS" starttime="20210526 13:58:23.897" endtime="20210526 13:58:23.898"/>
</kw>
<kw name="Send Enter" library="Mainframe3270">
<doc>Send a Enter to the screen.</doc>
<status status="PASS" starttime="20210526 13:58:23.899" endtime="20210526 13:58:24.744"/>
</kw>
<kw name="Capturar Screenshot" library="Mainframe">
<kw name="Take Screenshot" library="Mainframe3270">
<doc>Generate a screenshot of the IBM 3270 Mainframe in a html format. The
default folder is the log folder of RobotFramework, if you want change see the `Set Screenshot Folder`.</doc>
<msg timestamp="20210526 13:58:24.746" level="INFO" html="true">&lt;iframe src="./screenshot_1622048304744.html" height="410" width="670"&gt;&lt;/iframe&gt;</msg>
<status status="PASS" starttime="20210526 13:58:24.744" endtime="20210526 13:58:24.746"/>
</kw>
<status status="PASS" starttime="20210526 13:58:24.744" endtime="20210526 13:58:24.746"/>
</kw>
<status status="PASS" starttime="20210526 13:58:23.897" endtime="20210526 13:58:24.746"/>
</kw>
<status status="PASS" starttime="20210526 13:58:23.893" endtime="20210526 13:58:24.746"/>
</kw>
<status status="PASS" starttime="20210526 13:58:23.893" endtime="20210526 13:58:24.746"/>
</kw>
<status status="PASS" starttime="20210526 13:58:22.267" endtime="20210526 13:58:24.747"/>
</test>
<status status="PASS" starttime="20210526 13:58:12.898" endtime="20210526 13:58:24.748"/>
</suite>
<status status="PASS" starttime="20210526 13:58:12.879" endtime="20210526 13:58:24.750"/>
</suite>
<statistics>
<total>
<stat pass="2" fail="0" skip="0">All Tests</stat>
</total>
<tag>
<stat pass="1" fail="0" skip="0">Fluxo Principal</stat>
</tag>
<suite>
<stat pass="2" fail="0" skip="0" id="s1" name="Testcase">Testcase</stat>
<stat pass="2" fail="0" skip="0" id="s1-s1" name="Login">Testcase.Login</stat>
</suite>
</statistics>
<errors>
</errors>
</robot>
