<?xml version="1.0" encoding="UTF-8"?>
<robot generator="Robot 4.0.2 (Python 3.9.5 on win32)" generated="20210528 15:41:47.256" rpa="false" schemaversion="2">
<suite id="s1" name="SuiteTesteWylbur" source="C:\robotPoc\testealta\testcase\SuiteTesteWylbur.robot">
<kw name="Conectar Emulador 4" library="Base" type="SETUP">
<kw name="Sleep" library="BuiltIn">
<arg>8</arg>
<doc>Pauses the test executed for the given time.</doc>
<msg timestamp="20210528 15:41:55.338" level="INFO">Slept 8 seconds</msg>
<status status="PASS" starttime="20210528 15:41:47.325" endtime="20210528 15:41:55.339"/>
</kw>
<kw name="Open Connection" library="Mainframe3270">
<arg>teague-tammvs1.tamu.edu</arg>
<arg>port= 992</arg>
<doc>Create a connection with IBM3270 mainframe with the default port 23. To make a connection with the mainframe
you only must inform the Host. You can pass the Logical Unit Name and the Port as optional.</doc>
<msg timestamp="20210528 15:41:57.405" level="WARN">[WinError 10061] Nenhuma conexão pôde ser feita porque a máquina de destino as recusou ativamente</msg>
<msg timestamp="20210528 15:42:00.433" level="WARN">[WinError 10061] Nenhuma conexão pôde ser feita porque a máquina de destino as recusou ativamente</msg>
<status status="PASS" starttime="20210528 15:41:55.339" endtime="20210528 15:42:03.445"/>
</kw>
<kw name="Sleep" library="BuiltIn">
<arg>8</arg>
<doc>Pauses the test executed for the given time.</doc>
<msg timestamp="20210528 15:42:11.459" level="INFO">Slept 8 seconds</msg>
<status status="PASS" starttime="20210528 15:42:03.445" endtime="20210528 15:42:11.459"/>
</kw>
<status status="PASS" starttime="20210528 15:41:47.324" endtime="20210528 15:42:11.460"/>
</kw>
<test id="s1-t1" name="CT001 - Wylbur">
<kw name="InformarWylbur" library="Wylbur">
<kw name="Acessar o Wylbur" library="WylburData">
<arg>${wylbur}</arg>
<arg>${wylbur_x}</arg>
<arg>${wylbut_y}</arg>
<kw name="Digitar Na Posicao" library="Mainframe">
<arg>${wylbur}</arg>
<arg>${x7}</arg>
<arg>${y7}</arg>
<kw name="Limpar campo" library="Mainframe">
<arg>${y}</arg>
<arg>${x}</arg>
<kw name="Delete Field" library="Mainframe3270">
<arg>${x}</arg>
<arg>${y}</arg>
<doc>Delete a entire contents in field at current cursor location and positions
cursor at beginning of field. If you want to delete a field that is in
another position, simply pass the coordinates "ypos"/"xpos" of any part of the field.</doc>
<status status="PASS" starttime="20210528 15:42:11.467" endtime="20210528 15:42:11.469"/>
</kw>
<status status="PASS" starttime="20210528 15:42:11.467" endtime="20210528 15:42:11.469"/>
</kw>
<kw name="Write Bare In Position" library="Mainframe3270">
<arg>${text}</arg>
<arg>${y}</arg>
<arg>${x}</arg>
<doc>Send only the string to the screen at screen co-ordinates "ypos"/"xpos".</doc>
<status status="PASS" starttime="20210528 15:42:11.469" endtime="20210528 15:42:11.471"/>
</kw>
<status status="PASS" starttime="20210528 15:42:11.466" endtime="20210528 15:42:11.471"/>
</kw>
<kw name="Transmitir" library="Mainframe">
<kw name="Capturar Screenshot" library="Mainframe">
<kw name="Take Screenshot" library="Mainframe3270">
<doc>Generate a screenshot of the IBM 3270 Mainframe in a html format. The
default folder is the log folder of RobotFramework, if you want change see the `Set Screenshot Folder`.</doc>
<msg timestamp="20210528 15:42:11.477" level="INFO" html="true">&lt;iframe src="./screenshot_1622227331472.html" height="410" width="670"&gt;&lt;/iframe&gt;</msg>
<status status="PASS" starttime="20210528 15:42:11.472" endtime="20210528 15:42:11.477"/>
</kw>
<status status="PASS" starttime="20210528 15:42:11.472" endtime="20210528 15:42:11.477"/>
</kw>
<kw name="Send Enter" library="Mainframe3270">
<doc>Send a Enter to the screen.</doc>
<status status="PASS" starttime="20210528 15:42:11.477" endtime="20210528 15:42:12.212"/>
</kw>
<kw name="Capturar Screenshot" library="Mainframe">
<kw name="Take Screenshot" library="Mainframe3270">
<doc>Generate a screenshot of the IBM 3270 Mainframe in a html format. The
default folder is the log folder of RobotFramework, if you want change see the `Set Screenshot Folder`.</doc>
<msg timestamp="20210528 15:42:12.222" level="INFO" html="true">&lt;iframe src="./screenshot_1622227332215.html" height="410" width="670"&gt;&lt;/iframe&gt;</msg>
<status status="PASS" starttime="20210528 15:42:12.214" endtime="20210528 15:42:12.222"/>
</kw>
<status status="PASS" starttime="20210528 15:42:12.213" endtime="20210528 15:42:12.222"/>
</kw>
<status status="PASS" starttime="20210528 15:42:11.471" endtime="20210528 15:42:12.223"/>
</kw>
<status status="PASS" starttime="20210528 15:42:11.464" endtime="20210528 15:42:12.223"/>
</kw>
<status status="PASS" starttime="20210528 15:42:11.463" endtime="20210528 15:42:12.223"/>
</kw>
<kw name="InformarUserId" library="Wylbur">
<kw name="Informar o userIdWy" library="WylburData">
<arg>${useridWy}</arg>
<arg>${userid_x}</arg>
<arg>${userido_y}</arg>
<kw name="Digitar Na Posicao" library="Mainframe">
<arg>${userIdWy}</arg>
<arg>${x8}</arg>
<arg>${y8}</arg>
<kw name="Limpar campo" library="Mainframe">
<arg>${y}</arg>
<arg>${x}</arg>
<kw name="Delete Field" library="Mainframe3270">
<arg>${x}</arg>
<arg>${y}</arg>
<doc>Delete a entire contents in field at current cursor location and positions
cursor at beginning of field. If you want to delete a field that is in
another position, simply pass the coordinates "ypos"/"xpos" of any part of the field.</doc>
<status status="PASS" starttime="20210528 15:42:12.225" endtime="20210528 15:42:12.226"/>
</kw>
<status status="PASS" starttime="20210528 15:42:12.225" endtime="20210528 15:42:12.227"/>
</kw>
<kw name="Write Bare In Position" library="Mainframe3270">
<arg>${text}</arg>
<arg>${y}</arg>
<arg>${x}</arg>
<doc>Send only the string to the screen at screen co-ordinates "ypos"/"xpos".</doc>
<status status="PASS" starttime="20210528 15:42:12.227" endtime="20210528 15:42:12.228"/>
</kw>
<status status="PASS" starttime="20210528 15:42:12.224" endtime="20210528 15:42:12.228"/>
</kw>
<kw name="Transmitir" library="Mainframe">
<kw name="Capturar Screenshot" library="Mainframe">
<kw name="Take Screenshot" library="Mainframe3270">
<doc>Generate a screenshot of the IBM 3270 Mainframe in a html format. The
default folder is the log folder of RobotFramework, if you want change see the `Set Screenshot Folder`.</doc>
<msg timestamp="20210528 15:42:12.232" level="INFO" html="true">&lt;iframe src="./screenshot_1622227332229.html" height="410" width="670"&gt;&lt;/iframe&gt;</msg>
<status status="PASS" starttime="20210528 15:42:12.228" endtime="20210528 15:42:12.232"/>
</kw>
<status status="PASS" starttime="20210528 15:42:12.228" endtime="20210528 15:42:12.232"/>
</kw>
<kw name="Send Enter" library="Mainframe3270">
<doc>Send a Enter to the screen.</doc>
<status status="PASS" starttime="20210528 15:42:12.232" endtime="20210528 15:42:12.931"/>
</kw>
<kw name="Capturar Screenshot" library="Mainframe">
<kw name="Take Screenshot" library="Mainframe3270">
<doc>Generate a screenshot of the IBM 3270 Mainframe in a html format. The
default folder is the log folder of RobotFramework, if you want change see the `Set Screenshot Folder`.</doc>
<msg timestamp="20210528 15:42:12.941" level="INFO" html="true">&lt;iframe src="./screenshot_1622227332933.html" height="410" width="670"&gt;&lt;/iframe&gt;</msg>
<status status="PASS" starttime="20210528 15:42:12.933" endtime="20210528 15:42:12.941"/>
</kw>
<status status="PASS" starttime="20210528 15:42:12.931" endtime="20210528 15:42:12.943"/>
</kw>
<status status="PASS" starttime="20210528 15:42:12.228" endtime="20210528 15:42:12.943"/>
</kw>
<status status="PASS" starttime="20210528 15:42:12.224" endtime="20210528 15:42:12.943"/>
</kw>
<status status="PASS" starttime="20210528 15:42:12.223" endtime="20210528 15:42:12.944"/>
</kw>
<kw name="InformarPasswordId" library="Wylbur">
<kw name="Informar o passwordWy" library="WylburData">
<arg>${password}</arg>
<arg>${password_x}</arg>
<arg>${password_y}</arg>
<kw name="Digitar Na Posicao" library="Mainframe">
<arg>${passwordWy}</arg>
<arg>${x8}</arg>
<arg>${y8}</arg>
<kw name="Limpar campo" library="Mainframe">
<arg>${y}</arg>
<arg>${x}</arg>
<kw name="Delete Field" library="Mainframe3270">
<arg>${x}</arg>
<arg>${y}</arg>
<doc>Delete a entire contents in field at current cursor location and positions
cursor at beginning of field. If you want to delete a field that is in
another position, simply pass the coordinates "ypos"/"xpos" of any part of the field.</doc>
<status status="PASS" starttime="20210528 15:42:12.953" endtime="20210528 15:42:12.957"/>
</kw>
<status status="PASS" starttime="20210528 15:42:12.952" endtime="20210528 15:42:12.958"/>
</kw>
<kw name="Write Bare In Position" library="Mainframe3270">
<arg>${text}</arg>
<arg>${y}</arg>
<arg>${x}</arg>
<doc>Send only the string to the screen at screen co-ordinates "ypos"/"xpos".</doc>
<status status="PASS" starttime="20210528 15:42:12.959" endtime="20210528 15:42:12.965"/>
</kw>
<status status="PASS" starttime="20210528 15:42:12.949" endtime="20210528 15:42:12.966"/>
</kw>
<kw name="Transmitir" library="Mainframe">
<kw name="Capturar Screenshot" library="Mainframe">
<kw name="Take Screenshot" library="Mainframe3270">
<doc>Generate a screenshot of the IBM 3270 Mainframe in a html format. The
default folder is the log folder of RobotFramework, if you want change see the `Set Screenshot Folder`.</doc>
<msg timestamp="20210528 15:42:12.977" level="INFO" html="true">&lt;iframe src="./screenshot_1622227332969.html" height="410" width="670"&gt;&lt;/iframe&gt;</msg>
<status status="PASS" starttime="20210528 15:42:12.968" endtime="20210528 15:42:12.977"/>
</kw>
<status status="PASS" starttime="20210528 15:42:12.967" endtime="20210528 15:42:12.978"/>
</kw>
<kw name="Send Enter" library="Mainframe3270">
<doc>Send a Enter to the screen.</doc>
<status status="PASS" starttime="20210528 15:42:12.978" endtime="20210528 15:42:13.729"/>
</kw>
<kw name="Capturar Screenshot" library="Mainframe">
<kw name="Take Screenshot" library="Mainframe3270">
<doc>Generate a screenshot of the IBM 3270 Mainframe in a html format. The
default folder is the log folder of RobotFramework, if you want change see the `Set Screenshot Folder`.</doc>
<msg timestamp="20210528 15:42:13.733" level="INFO" html="true">&lt;iframe src="./screenshot_1622227333730.html" height="410" width="670"&gt;&lt;/iframe&gt;</msg>
<status status="PASS" starttime="20210528 15:42:13.729" endtime="20210528 15:42:13.733"/>
</kw>
<status status="PASS" starttime="20210528 15:42:13.729" endtime="20210528 15:42:13.733"/>
</kw>
<status status="PASS" starttime="20210528 15:42:12.966" endtime="20210528 15:42:13.734"/>
</kw>
<status status="PASS" starttime="20210528 15:42:12.947" endtime="20210528 15:42:13.735"/>
</kw>
<status status="PASS" starttime="20210528 15:42:12.945" endtime="20210528 15:42:13.735"/>
</kw>
<kw name="VerificarMensagemDaTela" library="Wylbur">
<kw name="Verificar se existe" library="Mainframe">
<arg>${mensagemUser}</arg>
<kw name="Page Should Contain String" library="Mainframe3270">
<arg>${conteudo}</arg>
<doc>Search if a given string exists on the mainframe screen.</doc>
<msg timestamp="20210528 15:42:13.738" level="INFO">The string "USERID UNKNOWN TO RACF" was found</msg>
<status status="PASS" starttime="20210528 15:42:13.736" endtime="20210528 15:42:13.738"/>
</kw>
<status status="PASS" starttime="20210528 15:42:13.735" endtime="20210528 15:42:13.739"/>
</kw>
<kw name="Log To Console" library="BuiltIn">
<arg>${mensagemUser}</arg>
<doc>Logs the given message to the console.</doc>
<status status="PASS" starttime="20210528 15:42:13.739" endtime="20210528 15:42:13.739"/>
</kw>
<status status="PASS" starttime="20210528 15:42:13.735" endtime="20210528 15:42:13.740"/>
</kw>
<doc>Este caso de teste tem como objetivo validar o acesso ao Wylbur.</doc>
<tag>Fluxo Principal</tag>
<status status="PASS" starttime="20210528 15:42:11.460" endtime="20210528 15:42:13.740"/>
</test>
<kw name="Terminar Suite" library="Base" type="TEARDOWN">
<kw name="Fechar Terminal" library="Mainframe">
<kw name="Close Connection" library="Mainframe3270">
<doc>Disconnect from the host.</doc>
<status status="PASS" starttime="20210528 15:42:13.742" endtime="20210528 15:42:13.795"/>
</kw>
<status status="PASS" starttime="20210528 15:42:13.741" endtime="20210528 15:42:13.795"/>
</kw>
<status status="PASS" starttime="20210528 15:42:13.741" endtime="20210528 15:42:13.795"/>
</kw>
<status status="PASS" starttime="20210528 15:41:47.258" endtime="20210528 15:42:13.795"/>
</suite>
<statistics>
<total>
<stat pass="1" fail="0" skip="0">All Tests</stat>
</total>
<tag>
<stat pass="1" fail="0" skip="0">Fluxo Principal</stat>
</tag>
<suite>
<stat pass="1" fail="0" skip="0" id="s1" name="SuiteTesteWylbur">SuiteTesteWylbur</stat>
</suite>
</statistics>
<errors>
<msg timestamp="20210528 15:41:57.405" level="WARN">[WinError 10061] Nenhuma conexão pôde ser feita porque a máquina de destino as recusou ativamente</msg>
<msg timestamp="20210528 15:42:00.433" level="WARN">[WinError 10061] Nenhuma conexão pôde ser feita porque a máquina de destino as recusou ativamente</msg>
</errors>
</robot>
