<?xml version="1.0" encoding="UTF-8"?>
<robot generator="Robot 4.0.2 (Python 3.9.5 on win32)" generated="20210527 08:10:40.544" rpa="false" schemaversion="2">
<suite id="s1" name="Testcase" source="C:\Robot\testealta\testcase">
<suite id="s1-s1" name="SuiteTeste" source="C:\Robot\testealta\testcase\SuiteTeste.robot">
<kw name="Conectar Emulador" library="Base" type="SETUP">
<kw name="Open Connection" library="Mainframe3270">
<arg>teague-tammvs1.tamu.edu</arg>
<arg>port= 992</arg>
<doc>Create a connection with IBM3270 mainframe with the default port 23. To make a connection with the mainframe
you only must inform the Host. You can pass the Logical Unit Name and the Port as optional.</doc>
<status status="PASS" starttime="20210527 08:10:40.627" endtime="20210527 08:10:41.143"/>
</kw>
<kw name="Sleep" library="BuiltIn">
<arg>10</arg>
<doc>Pauses the test executed for the given time.</doc>
<msg timestamp="20210527 08:10:51.154" level="INFO">Slept 10 seconds</msg>
<status status="PASS" starttime="20210527 08:10:41.143" endtime="20210527 08:10:51.154"/>
</kw>
<status status="PASS" starttime="20210527 08:10:40.626" endtime="20210527 08:10:51.155"/>
</kw>
<test id="s1-s1-t1" name="CT001 - Logar">
<kw name="Informar Sistema" library="Sistema">
<kw name="Acessar o Sistema" library="SistemaData">
<arg>${sistema}</arg>
<arg>${posicao_x}</arg>
<arg>${posicao_y}</arg>
<kw name="Digitar Na Posicao" library="Mainframe">
<arg>${dado}</arg>
<arg>${x}</arg>
<arg>${y}</arg>
<kw name="Limpar campo" library="Mainframe">
<arg>${y}</arg>
<arg>${x}</arg>
<kw name="Delete Field" library="Mainframe3270">
<arg>${x}</arg>
<arg>${y}</arg>
<doc>Delete a entire contents in field at current cursor location and positions
cursor at beginning of field. If you want to delete a field that is in
another position, simply pass the coordinates "ypos"/"xpos" of any part of the field.</doc>
<status status="PASS" starttime="20210527 08:10:51.161" endtime="20210527 08:10:51.163"/>
</kw>
<status status="PASS" starttime="20210527 08:10:51.160" endtime="20210527 08:10:51.164"/>
</kw>
<kw name="Write Bare In Position" library="Mainframe3270">
<arg>${text}</arg>
<arg>${y}</arg>
<arg>${x}</arg>
<doc>Send only the string to the screen at screen co-ordinates "ypos"/"xpos".</doc>
<status status="PASS" starttime="20210527 08:10:51.164" endtime="20210527 08:10:51.169"/>
</kw>
<status status="PASS" starttime="20210527 08:10:51.159" endtime="20210527 08:10:51.169"/>
</kw>
<kw name="Transmitir" library="Mainframe">
<kw name="Capturar Screenshot" library="Mainframe">
<kw name="Take Screenshot" library="Mainframe3270">
<doc>Generate a screenshot of the IBM 3270 Mainframe in a html format. The
default folder is the log folder of RobotFramework, if you want change see the `Set Screenshot Folder`.</doc>
<msg timestamp="20210527 08:10:51.174" level="INFO" html="true">&lt;iframe src="./screenshot_1622113851172.html" height="410" width="670"&gt;&lt;/iframe&gt;</msg>
<status status="PASS" starttime="20210527 08:10:51.172" endtime="20210527 08:10:51.174"/>
</kw>
<status status="PASS" starttime="20210527 08:10:51.171" endtime="20210527 08:10:51.174"/>
</kw>
<kw name="Send Enter" library="Mainframe3270">
<doc>Send a Enter to the screen.</doc>
<status status="PASS" starttime="20210527 08:10:51.175" endtime="20210527 08:10:51.940"/>
</kw>
<kw name="Capturar Screenshot" library="Mainframe">
<kw name="Take Screenshot" library="Mainframe3270">
<doc>Generate a screenshot of the IBM 3270 Mainframe in a html format. The
default folder is the log folder of RobotFramework, if you want change see the `Set Screenshot Folder`.</doc>
<msg timestamp="20210527 08:10:51.944" level="INFO" html="true">&lt;iframe src="./screenshot_1622113851942.html" height="410" width="670"&gt;&lt;/iframe&gt;</msg>
<status status="PASS" starttime="20210527 08:10:51.942" endtime="20210527 08:10:51.944"/>
</kw>
<status status="PASS" starttime="20210527 08:10:51.940" endtime="20210527 08:10:51.944"/>
</kw>
<status status="PASS" starttime="20210527 08:10:51.170" endtime="20210527 08:10:51.944"/>
</kw>
<status status="PASS" starttime="20210527 08:10:51.157" endtime="20210527 08:10:51.946"/>
</kw>
<status status="PASS" starttime="20210527 08:10:51.157" endtime="20210527 08:10:51.946"/>
</kw>
<doc>Este caso de teste tem como objetivo validar o acesso ao sistema "phonbook".</doc>
<tag>Fluxo Principal</tag>
<status status="PASS" starttime="20210527 08:10:51.155" endtime="20210527 08:10:51.946"/>
</test>
<test id="s1-s1-t2" name="CT002 - Selecionar Faculdade">
<kw name="Informar Faculdade" library="Faculdade">
<kw name="Log To Console" library="BuiltIn">
<arg>${faculdade}</arg>
<doc>Logs the given message to the console.</doc>
<status status="PASS" starttime="20210527 08:10:51.950" endtime="20210527 08:10:51.951"/>
</kw>
<kw name="Log To Console" library="BuiltIn">
<arg>${faculdadePosicao_x}</arg>
<doc>Logs the given message to the console.</doc>
<status status="PASS" starttime="20210527 08:10:51.951" endtime="20210527 08:10:51.951"/>
</kw>
<kw name="Log To Console" library="BuiltIn">
<arg>${faculdadePosicao_y}</arg>
<doc>Logs the given message to the console.</doc>
<status status="PASS" starttime="20210527 08:10:51.951" endtime="20210527 08:10:51.952"/>
</kw>
<kw name="Digitar Faculdade" library="FaculdadeData">
<arg>${faculdade}</arg>
<arg>${faculdadePosicao_x}</arg>
<arg>${faculdadePosicao_y}</arg>
<kw name="Digitar Na Posicao" library="Mainframe">
<arg>${dado1}</arg>
<arg>${x1}</arg>
<arg>${y1}</arg>
<kw name="Limpar campo" library="Mainframe">
<arg>${y}</arg>
<arg>${x}</arg>
<kw name="Delete Field" library="Mainframe3270">
<arg>${x}</arg>
<arg>${y}</arg>
<doc>Delete a entire contents in field at current cursor location and positions
cursor at beginning of field. If you want to delete a field that is in
another position, simply pass the coordinates "ypos"/"xpos" of any part of the field.</doc>
<status status="PASS" starttime="20210527 08:10:51.953" endtime="20210527 08:10:51.954"/>
</kw>
<status status="PASS" starttime="20210527 08:10:51.952" endtime="20210527 08:10:51.954"/>
</kw>
<kw name="Write Bare In Position" library="Mainframe3270">
<arg>${text}</arg>
<arg>${y}</arg>
<arg>${x}</arg>
<doc>Send only the string to the screen at screen co-ordinates "ypos"/"xpos".</doc>
<status status="PASS" starttime="20210527 08:10:51.954" endtime="20210527 08:10:51.954"/>
</kw>
<status status="PASS" starttime="20210527 08:10:51.952" endtime="20210527 08:10:51.954"/>
</kw>
<kw name="Transmitir" library="Mainframe">
<kw name="Capturar Screenshot" library="Mainframe">
<kw name="Take Screenshot" library="Mainframe3270">
<doc>Generate a screenshot of the IBM 3270 Mainframe in a html format. The
default folder is the log folder of RobotFramework, if you want change see the `Set Screenshot Folder`.</doc>
<msg timestamp="20210527 08:10:51.957" level="INFO" html="true">&lt;iframe src="./screenshot_1622113851955.html" height="410" width="670"&gt;&lt;/iframe&gt;</msg>
<status status="PASS" starttime="20210527 08:10:51.955" endtime="20210527 08:10:51.957"/>
</kw>
<status status="PASS" starttime="20210527 08:10:51.955" endtime="20210527 08:10:51.957"/>
</kw>
<kw name="Send Enter" library="Mainframe3270">
<doc>Send a Enter to the screen.</doc>
<status status="PASS" starttime="20210527 08:10:51.957" endtime="20210527 08:10:52.867"/>
</kw>
<kw name="Capturar Screenshot" library="Mainframe">
<kw name="Take Screenshot" library="Mainframe3270">
<doc>Generate a screenshot of the IBM 3270 Mainframe in a html format. The
default folder is the log folder of RobotFramework, if you want change see the `Set Screenshot Folder`.</doc>
<msg timestamp="20210527 08:10:52.871" level="INFO" html="true">&lt;iframe src="./screenshot_1622113852869.html" height="410" width="670"&gt;&lt;/iframe&gt;</msg>
<status status="PASS" starttime="20210527 08:10:52.869" endtime="20210527 08:10:52.871"/>
</kw>
<status status="PASS" starttime="20210527 08:10:52.867" endtime="20210527 08:10:52.873"/>
</kw>
<status status="PASS" starttime="20210527 08:10:51.955" endtime="20210527 08:10:52.873"/>
</kw>
<status status="PASS" starttime="20210527 08:10:51.952" endtime="20210527 08:10:52.873"/>
</kw>
<status status="PASS" starttime="20210527 08:10:51.950" endtime="20210527 08:10:52.873"/>
</kw>
<kw name="Informar Sobrenome" library="Faculdade">
<kw name="Digitar Sobrenome" library="FaculdadeData">
<arg>${sobrenome}</arg>
<arg>${sobrenomePosicao_x}</arg>
<arg>${sobrenomePosicao_y}</arg>
<kw name="Digitar Na Posicao" library="Mainframe">
<arg>${dado2}</arg>
<arg>${x2}</arg>
<arg>${y2}</arg>
<kw name="Limpar campo" library="Mainframe">
<arg>${y}</arg>
<arg>${x}</arg>
<kw name="Delete Field" library="Mainframe3270">
<arg>${x}</arg>
<arg>${y}</arg>
<doc>Delete a entire contents in field at current cursor location and positions
cursor at beginning of field. If you want to delete a field that is in
another position, simply pass the coordinates "ypos"/"xpos" of any part of the field.</doc>
<status status="PASS" starttime="20210527 08:10:52.880" endtime="20210527 08:10:52.883"/>
</kw>
<status status="PASS" starttime="20210527 08:10:52.879" endtime="20210527 08:10:52.884"/>
</kw>
<kw name="Write Bare In Position" library="Mainframe3270">
<arg>${text}</arg>
<arg>${y}</arg>
<arg>${x}</arg>
<doc>Send only the string to the screen at screen co-ordinates "ypos"/"xpos".</doc>
<status status="PASS" starttime="20210527 08:10:52.884" endtime="20210527 08:10:52.886"/>
</kw>
<status status="PASS" starttime="20210527 08:10:52.877" endtime="20210527 08:10:52.887"/>
</kw>
<kw name="Transmitir" library="Mainframe">
<kw name="Capturar Screenshot" library="Mainframe">
<kw name="Take Screenshot" library="Mainframe3270">
<doc>Generate a screenshot of the IBM 3270 Mainframe in a html format. The
default folder is the log folder of RobotFramework, if you want change see the `Set Screenshot Folder`.</doc>
<msg timestamp="20210527 08:10:52.890" level="INFO" html="true">&lt;iframe src="./screenshot_1622113852889.html" height="410" width="670"&gt;&lt;/iframe&gt;</msg>
<status status="PASS" starttime="20210527 08:10:52.888" endtime="20210527 08:10:52.890"/>
</kw>
<status status="PASS" starttime="20210527 08:10:52.887" endtime="20210527 08:10:52.891"/>
</kw>
<kw name="Send Enter" library="Mainframe3270">
<doc>Send a Enter to the screen.</doc>
<status status="PASS" starttime="20210527 08:10:52.891" endtime="20210527 08:10:53.676"/>
</kw>
<kw name="Capturar Screenshot" library="Mainframe">
<kw name="Take Screenshot" library="Mainframe3270">
<doc>Generate a screenshot of the IBM 3270 Mainframe in a html format. The
default folder is the log folder of RobotFramework, if you want change see the `Set Screenshot Folder`.</doc>
<msg timestamp="20210527 08:10:53.680" level="INFO" html="true">&lt;iframe src="./screenshot_1622113853676.html" height="410" width="670"&gt;&lt;/iframe&gt;</msg>
<status status="PASS" starttime="20210527 08:10:53.676" endtime="20210527 08:10:53.680"/>
</kw>
<status status="PASS" starttime="20210527 08:10:53.676" endtime="20210527 08:10:53.680"/>
</kw>
<status status="PASS" starttime="20210527 08:10:52.887" endtime="20210527 08:10:53.680"/>
</kw>
<status status="PASS" starttime="20210527 08:10:52.875" endtime="20210527 08:10:53.680"/>
</kw>
<status status="PASS" starttime="20210527 08:10:52.875" endtime="20210527 08:10:53.680"/>
</kw>
<kw name="Informar Sobrenome2" library="Faculdade">
<kw name="Digitar Sobrenome2" library="FaculdadeData">
<arg>${sobrenome1}</arg>
<arg>${sobrenomePosicao_x1}</arg>
<arg>${sobrenomePosicao_y1}</arg>
<kw name="Digitar Na Posicao" library="Mainframe">
<arg>${dado3}</arg>
<arg>${x3}</arg>
<arg>${y3}</arg>
<kw name="Limpar campo" library="Mainframe">
<arg>${y}</arg>
<arg>${x}</arg>
<kw name="Delete Field" library="Mainframe3270">
<arg>${x}</arg>
<arg>${y}</arg>
<doc>Delete a entire contents in field at current cursor location and positions
cursor at beginning of field. If you want to delete a field that is in
another position, simply pass the coordinates "ypos"/"xpos" of any part of the field.</doc>
<status status="PASS" starttime="20210527 08:10:53.684" endtime="20210527 08:10:53.686"/>
</kw>
<status status="PASS" starttime="20210527 08:10:53.684" endtime="20210527 08:10:53.686"/>
</kw>
<kw name="Write Bare In Position" library="Mainframe3270">
<arg>${text}</arg>
<arg>${y}</arg>
<arg>${x}</arg>
<doc>Send only the string to the screen at screen co-ordinates "ypos"/"xpos".</doc>
<status status="PASS" starttime="20210527 08:10:53.686" endtime="20210527 08:10:53.687"/>
</kw>
<status status="PASS" starttime="20210527 08:10:53.684" endtime="20210527 08:10:53.687"/>
</kw>
<kw name="Transmitir" library="Mainframe">
<kw name="Capturar Screenshot" library="Mainframe">
<kw name="Take Screenshot" library="Mainframe3270">
<doc>Generate a screenshot of the IBM 3270 Mainframe in a html format. The
default folder is the log folder of RobotFramework, if you want change see the `Set Screenshot Folder`.</doc>
<msg timestamp="20210527 08:10:53.688" level="INFO" html="true">&lt;iframe src="./screenshot_1622113853688.html" height="410" width="670"&gt;&lt;/iframe&gt;</msg>
<status status="PASS" starttime="20210527 08:10:53.688" endtime="20210527 08:10:53.689"/>
</kw>
<status status="PASS" starttime="20210527 08:10:53.687" endtime="20210527 08:10:53.689"/>
</kw>
<kw name="Send Enter" library="Mainframe3270">
<doc>Send a Enter to the screen.</doc>
<status status="PASS" starttime="20210527 08:10:53.689" endtime="20210527 08:10:54.501"/>
</kw>
<kw name="Capturar Screenshot" library="Mainframe">
<kw name="Take Screenshot" library="Mainframe3270">
<doc>Generate a screenshot of the IBM 3270 Mainframe in a html format. The
default folder is the log folder of RobotFramework, if you want change see the `Set Screenshot Folder`.</doc>
<msg timestamp="20210527 08:10:54.505" level="INFO" html="true">&lt;iframe src="./screenshot_1622113854503.html" height="410" width="670"&gt;&lt;/iframe&gt;</msg>
<status status="PASS" starttime="20210527 08:10:54.501" endtime="20210527 08:10:54.505"/>
</kw>
<status status="PASS" starttime="20210527 08:10:54.501" endtime="20210527 08:10:54.505"/>
</kw>
<status status="PASS" starttime="20210527 08:10:53.687" endtime="20210527 08:10:54.505"/>
</kw>
<status status="PASS" starttime="20210527 08:10:53.682" endtime="20210527 08:10:54.505"/>
</kw>
<status status="PASS" starttime="20210527 08:10:53.682" endtime="20210527 08:10:54.507"/>
</kw>
<kw name="Informar Action" library="Faculdade">
<kw name="Digitar Action" library="FaculdadeData">
<arg>${Action}</arg>
<arg>${ActionePosicao_x}</arg>
<arg>${ActionPosicao_Y}</arg>
<kw name="Digitar Na Posicao" library="Mainframe">
<arg>${dado4}</arg>
<arg>${x4}</arg>
<arg>${y4}</arg>
<kw name="Limpar campo" library="Mainframe">
<arg>${y}</arg>
<arg>${x}</arg>
<kw name="Delete Field" library="Mainframe3270">
<arg>${x}</arg>
<arg>${y}</arg>
<doc>Delete a entire contents in field at current cursor location and positions
cursor at beginning of field. If you want to delete a field that is in
another position, simply pass the coordinates "ypos"/"xpos" of any part of the field.</doc>
<status status="PASS" starttime="20210527 08:10:54.510" endtime="20210527 08:10:54.511"/>
</kw>
<status status="PASS" starttime="20210527 08:10:54.509" endtime="20210527 08:10:54.511"/>
</kw>
<kw name="Write Bare In Position" library="Mainframe3270">
<arg>${text}</arg>
<arg>${y}</arg>
<arg>${x}</arg>
<doc>Send only the string to the screen at screen co-ordinates "ypos"/"xpos".</doc>
<status status="PASS" starttime="20210527 08:10:54.511" endtime="20210527 08:10:54.511"/>
</kw>
<status status="PASS" starttime="20210527 08:10:54.509" endtime="20210527 08:10:54.512"/>
</kw>
<kw name="Transmitir" library="Mainframe">
<kw name="Capturar Screenshot" library="Mainframe">
<kw name="Take Screenshot" library="Mainframe3270">
<doc>Generate a screenshot of the IBM 3270 Mainframe in a html format. The
default folder is the log folder of RobotFramework, if you want change see the `Set Screenshot Folder`.</doc>
<msg timestamp="20210527 08:10:54.513" level="INFO" html="true">&lt;iframe src="./screenshot_1622113854512.html" height="410" width="670"&gt;&lt;/iframe&gt;</msg>
<status status="PASS" starttime="20210527 08:10:54.512" endtime="20210527 08:10:54.513"/>
</kw>
<status status="PASS" starttime="20210527 08:10:54.512" endtime="20210527 08:10:54.513"/>
</kw>
<kw name="Send Enter" library="Mainframe3270">
<doc>Send a Enter to the screen.</doc>
<status status="PASS" starttime="20210527 08:10:54.513" endtime="20210527 08:10:55.271"/>
</kw>
<kw name="Capturar Screenshot" library="Mainframe">
<kw name="Take Screenshot" library="Mainframe3270">
<doc>Generate a screenshot of the IBM 3270 Mainframe in a html format. The
default folder is the log folder of RobotFramework, if you want change see the `Set Screenshot Folder`.</doc>
<msg timestamp="20210527 08:10:55.275" level="INFO" html="true">&lt;iframe src="./screenshot_1622113855271.html" height="410" width="670"&gt;&lt;/iframe&gt;</msg>
<status status="PASS" starttime="20210527 08:10:55.271" endtime="20210527 08:10:55.275"/>
</kw>
<status status="PASS" starttime="20210527 08:10:55.271" endtime="20210527 08:10:55.275"/>
</kw>
<status status="PASS" starttime="20210527 08:10:54.512" endtime="20210527 08:10:55.275"/>
</kw>
<kw name="Send Enter" library="Mainframe3270">
<doc>Send a Enter to the screen.</doc>
<status status="PASS" starttime="20210527 08:10:55.275" endtime="20210527 08:10:56.033"/>
</kw>
<status status="PASS" starttime="20210527 08:10:54.507" endtime="20210527 08:10:56.033"/>
</kw>
<status status="PASS" starttime="20210527 08:10:54.507" endtime="20210527 08:10:56.033"/>
</kw>
<kw name="Informar Action - B" library="Faculdade">
<kw name="Digitar Action - B" library="FaculdadeData">
<arg>${Action2}</arg>
<arg>${ActionPosicao_x1}</arg>
<arg>${ActionPosicao_Y1}</arg>
<kw name="Digitar Na Posicao" library="Mainframe">
<arg>${dado5}</arg>
<arg>${x5}</arg>
<arg>${y5}</arg>
<kw name="Limpar campo" library="Mainframe">
<arg>${y}</arg>
<arg>${x}</arg>
<kw name="Delete Field" library="Mainframe3270">
<arg>${x}</arg>
<arg>${y}</arg>
<doc>Delete a entire contents in field at current cursor location and positions
cursor at beginning of field. If you want to delete a field that is in
another position, simply pass the coordinates "ypos"/"xpos" of any part of the field.</doc>
<status status="PASS" starttime="20210527 08:10:56.038" endtime="20210527 08:10:56.040"/>
</kw>
<status status="PASS" starttime="20210527 08:10:56.037" endtime="20210527 08:10:56.040"/>
</kw>
<kw name="Write Bare In Position" library="Mainframe3270">
<arg>${text}</arg>
<arg>${y}</arg>
<arg>${x}</arg>
<doc>Send only the string to the screen at screen co-ordinates "ypos"/"xpos".</doc>
<status status="PASS" starttime="20210527 08:10:56.040" endtime="20210527 08:10:56.041"/>
</kw>
<status status="PASS" starttime="20210527 08:10:56.036" endtime="20210527 08:10:56.041"/>
</kw>
<kw name="Transmitir" library="Mainframe">
<kw name="Capturar Screenshot" library="Mainframe">
<kw name="Take Screenshot" library="Mainframe3270">
<doc>Generate a screenshot of the IBM 3270 Mainframe in a html format. The
default folder is the log folder of RobotFramework, if you want change see the `Set Screenshot Folder`.</doc>
<msg timestamp="20210527 08:10:56.043" level="INFO" html="true">&lt;iframe src="./screenshot_1622113856042.html" height="410" width="670"&gt;&lt;/iframe&gt;</msg>
<status status="PASS" starttime="20210527 08:10:56.042" endtime="20210527 08:10:56.043"/>
</kw>
<status status="PASS" starttime="20210527 08:10:56.042" endtime="20210527 08:10:56.043"/>
</kw>
<kw name="Send Enter" library="Mainframe3270">
<doc>Send a Enter to the screen.</doc>
<status status="PASS" starttime="20210527 08:10:56.043" endtime="20210527 08:10:56.865"/>
</kw>
<kw name="Capturar Screenshot" library="Mainframe">
<kw name="Take Screenshot" library="Mainframe3270">
<doc>Generate a screenshot of the IBM 3270 Mainframe in a html format. The
default folder is the log folder of RobotFramework, if you want change see the `Set Screenshot Folder`.</doc>
<msg timestamp="20210527 08:10:56.869" level="INFO" html="true">&lt;iframe src="./screenshot_1622113856865.html" height="410" width="670"&gt;&lt;/iframe&gt;</msg>
<status status="PASS" starttime="20210527 08:10:56.865" endtime="20210527 08:10:56.869"/>
</kw>
<status status="PASS" starttime="20210527 08:10:56.865" endtime="20210527 08:10:56.869"/>
</kw>
<status status="PASS" starttime="20210527 08:10:56.041" endtime="20210527 08:10:56.869"/>
</kw>
<status status="PASS" starttime="20210527 08:10:56.035" endtime="20210527 08:10:56.869"/>
</kw>
<status status="PASS" starttime="20210527 08:10:56.033" endtime="20210527 08:10:56.869"/>
</kw>
<doc>Este caso de teste tem como objetivo validar quando for informado faculdade.</doc>
<tag>Fluxo Alternativo</tag>
<status status="PASS" starttime="20210527 08:10:51.950" endtime="20210527 08:10:56.871"/>
</test>
<test id="s1-s1-t3" name="CT003 - Help">
<kw name="Help" library="Faculdade">
<kw name="Digitar Help" library="FaculdadeData">
<arg>${Help}</arg>
<arg>${HelpPosicao_x}</arg>
<arg>${helpPosicao_Y}</arg>
<kw name="Digitar Na Posicao" library="Mainframe">
<arg>${dado6}</arg>
<arg>${x6}</arg>
<arg>${y6}</arg>
<kw name="Limpar campo" library="Mainframe">
<arg>${y}</arg>
<arg>${x}</arg>
<kw name="Delete Field" library="Mainframe3270">
<arg>${x}</arg>
<arg>${y}</arg>
<doc>Delete a entire contents in field at current cursor location and positions
cursor at beginning of field. If you want to delete a field that is in
another position, simply pass the coordinates "ypos"/"xpos" of any part of the field.</doc>
<status status="PASS" starttime="20210527 08:10:56.879" endtime="20210527 08:10:56.880"/>
</kw>
<status status="PASS" starttime="20210527 08:10:56.878" endtime="20210527 08:10:56.881"/>
</kw>
<kw name="Write Bare In Position" library="Mainframe3270">
<arg>${text}</arg>
<arg>${y}</arg>
<arg>${x}</arg>
<doc>Send only the string to the screen at screen co-ordinates "ypos"/"xpos".</doc>
<status status="PASS" starttime="20210527 08:10:56.881" endtime="20210527 08:10:56.882"/>
</kw>
<status status="PASS" starttime="20210527 08:10:56.877" endtime="20210527 08:10:56.882"/>
</kw>
<kw name="Transmitir" library="Mainframe">
<kw name="Capturar Screenshot" library="Mainframe">
<kw name="Take Screenshot" library="Mainframe3270">
<doc>Generate a screenshot of the IBM 3270 Mainframe in a html format. The
default folder is the log folder of RobotFramework, if you want change see the `Set Screenshot Folder`.</doc>
<msg timestamp="20210527 08:10:56.883" level="INFO" html="true">&lt;iframe src="./screenshot_1622113856882.html" height="410" width="670"&gt;&lt;/iframe&gt;</msg>
<status status="PASS" starttime="20210527 08:10:56.882" endtime="20210527 08:10:56.883"/>
</kw>
<status status="PASS" starttime="20210527 08:10:56.882" endtime="20210527 08:10:56.883"/>
</kw>
<kw name="Send Enter" library="Mainframe3270">
<doc>Send a Enter to the screen.</doc>
<status status="PASS" starttime="20210527 08:10:56.883" endtime="20210527 08:10:57.712"/>
</kw>
<kw name="Capturar Screenshot" library="Mainframe">
<kw name="Take Screenshot" library="Mainframe3270">
<doc>Generate a screenshot of the IBM 3270 Mainframe in a html format. The
default folder is the log folder of RobotFramework, if you want change see the `Set Screenshot Folder`.</doc>
<msg timestamp="20210527 08:10:57.718" level="INFO" html="true">&lt;iframe src="./screenshot_1622113857716.html" height="410" width="670"&gt;&lt;/iframe&gt;</msg>
<status status="PASS" starttime="20210527 08:10:57.715" endtime="20210527 08:10:57.718"/>
</kw>
<status status="PASS" starttime="20210527 08:10:57.713" endtime="20210527 08:10:57.718"/>
</kw>
<status status="PASS" starttime="20210527 08:10:56.882" endtime="20210527 08:10:57.718"/>
</kw>
<status status="PASS" starttime="20210527 08:10:56.875" endtime="20210527 08:10:57.718"/>
</kw>
<status status="PASS" starttime="20210527 08:10:56.875" endtime="20210527 08:10:57.718"/>
</kw>
<doc>Este caso de teste tem como objetivo validar o help.</doc>
<tag>Fluxo Alternativo</tag>
<status status="PASS" starttime="20210527 08:10:56.873" endtime="20210527 08:10:57.720"/>
</test>
<kw name="Terminar Suite" library="Base" type="TEARDOWN">
<kw name="Fechar Terminal" library="Mainframe">
<kw name="Close Connection" library="Mainframe3270">
<doc>Disconnect from the host.</doc>
<status status="PASS" starttime="20210527 08:10:57.720" endtime="20210527 08:10:57.722"/>
</kw>
<status status="PASS" starttime="20210527 08:10:57.720" endtime="20210527 08:10:57.722"/>
</kw>
<status status="PASS" starttime="20210527 08:10:57.720" endtime="20210527 08:10:57.722"/>
</kw>
<status status="PASS" starttime="20210527 08:10:40.566" endtime="20210527 08:10:57.722"/>
</suite>
<suite id="s1-s2" name="SuiteTesteTso" source="C:\Robot\testealta\testcase\SuiteTesteTso.robot">
<kw name="Conectar Emulador 2" library="Base" type="SETUP">
<kw name="Sleep" library="BuiltIn">
<arg>10</arg>
<doc>Pauses the test executed for the given time.</doc>
<msg timestamp="20210527 08:11:07.750" level="INFO">Slept 10 seconds</msg>
<status status="PASS" starttime="20210527 08:10:57.736" endtime="20210527 08:11:07.750"/>
</kw>
<kw name="Open Connection" library="Mainframe3270">
<arg>teague-tammvs1.tamu.edu</arg>
<arg>port= 992</arg>
<doc>Create a connection with IBM3270 mainframe with the default port 23. To make a connection with the mainframe
you only must inform the Host. You can pass the Logical Unit Name and the Port as optional.</doc>
<status status="PASS" starttime="20210527 08:11:07.750" endtime="20210527 08:11:08.256"/>
</kw>
<kw name="Sleep" library="BuiltIn">
<arg>10</arg>
<doc>Pauses the test executed for the given time.</doc>
<msg timestamp="20210527 08:11:18.272" level="INFO">Slept 10 seconds</msg>
<status status="PASS" starttime="20210527 08:11:08.256" endtime="20210527 08:11:18.272"/>
</kw>
<status status="PASS" starttime="20210527 08:10:57.736" endtime="20210527 08:11:18.272"/>
</kw>
<test id="s1-s2-t1" name="CT001 - TSO">
<kw name="Informar TSO" library="Tso">
<kw name="Acessar o TSO" library="TsoData">
<arg>${tso}</arg>
<arg>${tso_x}</arg>
<arg>${tso_y}</arg>
<kw name="Digitar Na Posicao" library="Mainframe">
<arg>${tso}</arg>
<arg>${x7}</arg>
<arg>${y7}</arg>
<kw name="Limpar campo" library="Mainframe">
<arg>${y}</arg>
<arg>${x}</arg>
<kw name="Delete Field" library="Mainframe3270">
<arg>${x}</arg>
<arg>${y}</arg>
<doc>Delete a entire contents in field at current cursor location and positions
cursor at beginning of field. If you want to delete a field that is in
another position, simply pass the coordinates "ypos"/"xpos" of any part of the field.</doc>
<status status="PASS" starttime="20210527 08:11:18.277" endtime="20210527 08:11:18.278"/>
</kw>
<status status="PASS" starttime="20210527 08:11:18.277" endtime="20210527 08:11:18.278"/>
</kw>
<kw name="Write Bare In Position" library="Mainframe3270">
<arg>${text}</arg>
<arg>${y}</arg>
<arg>${x}</arg>
<doc>Send only the string to the screen at screen co-ordinates "ypos"/"xpos".</doc>
<status status="PASS" starttime="20210527 08:11:18.278" endtime="20210527 08:11:18.279"/>
</kw>
<status status="PASS" starttime="20210527 08:11:18.276" endtime="20210527 08:11:18.279"/>
</kw>
<kw name="Transmitir" library="Mainframe">
<kw name="Capturar Screenshot" library="Mainframe">
<kw name="Take Screenshot" library="Mainframe3270">
<doc>Generate a screenshot of the IBM 3270 Mainframe in a html format. The
default folder is the log folder of RobotFramework, if you want change see the `Set Screenshot Folder`.</doc>
<msg timestamp="20210527 08:11:18.280" level="INFO" html="true">&lt;iframe src="./screenshot_1622113878280.html" height="410" width="670"&gt;&lt;/iframe&gt;</msg>
<status status="PASS" starttime="20210527 08:11:18.279" endtime="20210527 08:11:18.281"/>
</kw>
<status status="PASS" starttime="20210527 08:11:18.279" endtime="20210527 08:11:18.281"/>
</kw>
<kw name="Send Enter" library="Mainframe3270">
<doc>Send a Enter to the screen.</doc>
<status status="PASS" starttime="20210527 08:11:18.281" endtime="20210527 08:11:19.098"/>
</kw>
<kw name="Capturar Screenshot" library="Mainframe">
<kw name="Take Screenshot" library="Mainframe3270">
<doc>Generate a screenshot of the IBM 3270 Mainframe in a html format. The
default folder is the log folder of RobotFramework, if you want change see the `Set Screenshot Folder`.</doc>
<msg timestamp="20210527 08:11:19.100" level="INFO" html="true">&lt;iframe src="./screenshot_1622113879098.html" height="410" width="670"&gt;&lt;/iframe&gt;</msg>
<status status="PASS" starttime="20210527 08:11:19.098" endtime="20210527 08:11:19.102"/>
</kw>
<status status="PASS" starttime="20210527 08:11:19.098" endtime="20210527 08:11:19.102"/>
</kw>
<status status="PASS" starttime="20210527 08:11:18.279" endtime="20210527 08:11:19.102"/>
</kw>
<status status="PASS" starttime="20210527 08:11:18.274" endtime="20210527 08:11:19.102"/>
</kw>
<status status="PASS" starttime="20210527 08:11:18.274" endtime="20210527 08:11:19.102"/>
</kw>
<kw name="Informar Usuário no TSO" library="Tso">
<kw name="Informar Usuário" library="TsoData">
<arg>${userid}</arg>
<arg>${userid_x}</arg>
<arg>${userido_y}</arg>
<kw name="Digitar Na Posicao" library="Mainframe">
<arg>${tso1}</arg>
<arg>${x8}</arg>
<arg>${y8}</arg>
<kw name="Limpar campo" library="Mainframe">
<arg>${y}</arg>
<arg>${x}</arg>
<kw name="Delete Field" library="Mainframe3270">
<arg>${x}</arg>
<arg>${y}</arg>
<doc>Delete a entire contents in field at current cursor location and positions
cursor at beginning of field. If you want to delete a field that is in
another position, simply pass the coordinates "ypos"/"xpos" of any part of the field.</doc>
<status status="PASS" starttime="20210527 08:11:19.106" endtime="20210527 08:11:19.107"/>
</kw>
<status status="PASS" starttime="20210527 08:11:19.104" endtime="20210527 08:11:19.107"/>
</kw>
<kw name="Write Bare In Position" library="Mainframe3270">
<arg>${text}</arg>
<arg>${y}</arg>
<arg>${x}</arg>
<doc>Send only the string to the screen at screen co-ordinates "ypos"/"xpos".</doc>
<status status="PASS" starttime="20210527 08:11:19.107" endtime="20210527 08:11:19.108"/>
</kw>
<status status="PASS" starttime="20210527 08:11:19.104" endtime="20210527 08:11:19.108"/>
</kw>
<kw name="Transmitir" library="Mainframe">
<kw name="Capturar Screenshot" library="Mainframe">
<kw name="Take Screenshot" library="Mainframe3270">
<doc>Generate a screenshot of the IBM 3270 Mainframe in a html format. The
default folder is the log folder of RobotFramework, if you want change see the `Set Screenshot Folder`.</doc>
<msg timestamp="20210527 08:11:19.109" level="INFO" html="true">&lt;iframe src="./screenshot_1622113879108.html" height="410" width="670"&gt;&lt;/iframe&gt;</msg>
<status status="PASS" starttime="20210527 08:11:19.108" endtime="20210527 08:11:19.109"/>
</kw>
<status status="PASS" starttime="20210527 08:11:19.108" endtime="20210527 08:11:19.109"/>
</kw>
<kw name="Send Enter" library="Mainframe3270">
<doc>Send a Enter to the screen.</doc>
<status status="PASS" starttime="20210527 08:11:19.109" endtime="20210527 08:11:20.024"/>
</kw>
<kw name="Capturar Screenshot" library="Mainframe">
<kw name="Take Screenshot" library="Mainframe3270">
<doc>Generate a screenshot of the IBM 3270 Mainframe in a html format. The
default folder is the log folder of RobotFramework, if you want change see the `Set Screenshot Folder`.</doc>
<msg timestamp="20210527 08:11:20.028" level="INFO" html="true">&lt;iframe src="./screenshot_1622113880026.html" height="410" width="670"&gt;&lt;/iframe&gt;</msg>
<status status="PASS" starttime="20210527 08:11:20.026" endtime="20210527 08:11:20.028"/>
</kw>
<status status="PASS" starttime="20210527 08:11:20.024" endtime="20210527 08:11:20.028"/>
</kw>
<status status="PASS" starttime="20210527 08:11:19.108" endtime="20210527 08:11:20.028"/>
</kw>
<status status="PASS" starttime="20210527 08:11:19.104" endtime="20210527 08:11:20.028"/>
</kw>
<status status="PASS" starttime="20210527 08:11:19.104" endtime="20210527 08:11:20.030"/>
</kw>
<kw name="Informar Senha no TSO" library="Tso">
<kw name="Informar Senha" library="TsoData">
<arg>${password}</arg>
<arg>${password_x}</arg>
<arg>${password_y}</arg>
<kw name="Digitar Na Posicao" library="Mainframe">
<arg>${tso2}</arg>
<arg>${x9}</arg>
<arg>${y9}</arg>
<kw name="Limpar campo" library="Mainframe">
<arg>${y}</arg>
<arg>${x}</arg>
<kw name="Delete Field" library="Mainframe3270">
<arg>${x}</arg>
<arg>${y}</arg>
<doc>Delete a entire contents in field at current cursor location and positions
cursor at beginning of field. If you want to delete a field that is in
another position, simply pass the coordinates "ypos"/"xpos" of any part of the field.</doc>
<status status="PASS" starttime="20210527 08:11:20.034" endtime="20210527 08:11:20.037"/>
</kw>
<status status="PASS" starttime="20210527 08:11:20.032" endtime="20210527 08:11:20.038"/>
</kw>
<kw name="Write Bare In Position" library="Mainframe3270">
<arg>${text}</arg>
<arg>${y}</arg>
<arg>${x}</arg>
<doc>Send only the string to the screen at screen co-ordinates "ypos"/"xpos".</doc>
<status status="PASS" starttime="20210527 08:11:20.038" endtime="20210527 08:11:20.040"/>
</kw>
<status status="PASS" starttime="20210527 08:11:20.032" endtime="20210527 08:11:20.040"/>
</kw>
<kw name="Tabular" library="Mainframe">
<kw name="Execute Command" library="Mainframe3270">
<arg>Tab</arg>
<doc>Execute an [http://x3270.bgp.nu/wc3270-man.html#Actions|x3270 command].</doc>
<status status="PASS" starttime="20210527 08:11:20.041" endtime="20210527 08:11:20.557"/>
</kw>
<status status="PASS" starttime="20210527 08:11:20.041" endtime="20210527 08:11:20.557"/>
</kw>
<status status="PASS" starttime="20210527 08:11:20.030" endtime="20210527 08:11:20.557"/>
</kw>
<status status="PASS" starttime="20210527 08:11:20.030" endtime="20210527 08:11:20.557"/>
</kw>
<kw name="Informar Procedimento no TSO" library="Tso">
<kw name="Log To Console" library="BuiltIn">
<arg>${procedure}</arg>
<doc>Logs the given message to the console.</doc>
<status status="PASS" starttime="20210527 08:11:20.560" endtime="20210527 08:11:20.561"/>
</kw>
<kw name="Log To Console" library="BuiltIn">
<arg>${procedure_x}</arg>
<doc>Logs the given message to the console.</doc>
<status status="PASS" starttime="20210527 08:11:20.562" endtime="20210527 08:11:20.563"/>
</kw>
<kw name="Log To Console" library="BuiltIn">
<arg>${procedure_y}</arg>
<doc>Logs the given message to the console.</doc>
<status status="PASS" starttime="20210527 08:11:20.564" endtime="20210527 08:11:20.565"/>
</kw>
<kw name="Informar Procedimento" library="TsoData">
<arg>${procedure}</arg>
<arg>${procedure_x}</arg>
<arg>${procedure_y}</arg>
<kw name="Digitar Na Posicao" library="Mainframe">
<arg>${tso3}</arg>
<arg>${x10}</arg>
<arg>${y10}</arg>
<kw name="Limpar campo" library="Mainframe">
<arg>${y}</arg>
<arg>${x}</arg>
<kw name="Delete Field" library="Mainframe3270">
<arg>${x}</arg>
<arg>${y}</arg>
<doc>Delete a entire contents in field at current cursor location and positions
cursor at beginning of field. If you want to delete a field that is in
another position, simply pass the coordinates "ypos"/"xpos" of any part of the field.</doc>
<status status="PASS" starttime="20210527 08:11:20.570" endtime="20210527 08:11:20.573"/>
</kw>
<status status="PASS" starttime="20210527 08:11:20.568" endtime="20210527 08:11:20.573"/>
</kw>
<kw name="Write Bare In Position" library="Mainframe3270">
<arg>${text}</arg>
<arg>${y}</arg>
<arg>${x}</arg>
<doc>Send only the string to the screen at screen co-ordinates "ypos"/"xpos".</doc>
<status status="PASS" starttime="20210527 08:11:20.574" endtime="20210527 08:11:20.575"/>
</kw>
<status status="PASS" starttime="20210527 08:11:20.567" endtime="20210527 08:11:20.575"/>
</kw>
<kw name="Tabular" library="Mainframe">
<kw name="Execute Command" library="Mainframe3270">
<arg>Tab</arg>
<doc>Execute an [http://x3270.bgp.nu/wc3270-man.html#Actions|x3270 command].</doc>
<status status="PASS" starttime="20210527 08:11:20.575" endtime="20210527 08:11:21.080"/>
</kw>
<status status="PASS" starttime="20210527 08:11:20.575" endtime="20210527 08:11:21.080"/>
</kw>
<status status="PASS" starttime="20210527 08:11:20.565" endtime="20210527 08:11:21.080"/>
</kw>
<status status="PASS" starttime="20210527 08:11:20.559" endtime="20210527 08:11:21.080"/>
</kw>
<kw name="Informar Número da Conta no TSO" library="Tso">
<kw name="Informar Número da Conta" library="TsoData">
<arg>${AcctNmbr}</arg>
<arg>${AcctNmbr_x}</arg>
<arg>${AcctNmbr_y}</arg>
<kw name="Digitar Na Posicao" library="Mainframe">
<arg>${tso4}</arg>
<arg>${x11}</arg>
<arg>${y11}</arg>
<kw name="Limpar campo" library="Mainframe">
<arg>${y}</arg>
<arg>${x}</arg>
<kw name="Delete Field" library="Mainframe3270">
<arg>${x}</arg>
<arg>${y}</arg>
<doc>Delete a entire contents in field at current cursor location and positions
cursor at beginning of field. If you want to delete a field that is in
another position, simply pass the coordinates "ypos"/"xpos" of any part of the field.</doc>
<status status="PASS" starttime="20210527 08:11:21.087" endtime="20210527 08:11:21.088"/>
</kw>
<status status="PASS" starttime="20210527 08:11:21.085" endtime="20210527 08:11:21.088"/>
</kw>
<kw name="Write Bare In Position" library="Mainframe3270">
<arg>${text}</arg>
<arg>${y}</arg>
<arg>${x}</arg>
<doc>Send only the string to the screen at screen co-ordinates "ypos"/"xpos".</doc>
<status status="PASS" starttime="20210527 08:11:21.088" endtime="20210527 08:11:21.089"/>
</kw>
<status status="PASS" starttime="20210527 08:11:21.084" endtime="20210527 08:11:21.089"/>
</kw>
<kw name="Tabular" library="Mainframe">
<kw name="Execute Command" library="Mainframe3270">
<arg>Tab</arg>
<doc>Execute an [http://x3270.bgp.nu/wc3270-man.html#Actions|x3270 command].</doc>
<status status="PASS" starttime="20210527 08:11:21.089" endtime="20210527 08:11:21.596"/>
</kw>
<status status="PASS" starttime="20210527 08:11:21.089" endtime="20210527 08:11:21.596"/>
</kw>
<status status="PASS" starttime="20210527 08:11:21.083" endtime="20210527 08:11:21.596"/>
</kw>
<status status="PASS" starttime="20210527 08:11:21.082" endtime="20210527 08:11:21.596"/>
</kw>
<kw name="Informar Tamanho no TSO" library="Tso">
<kw name="Informar Tamanho" library="TsoData">
<arg>${Size}</arg>
<arg>${Size_x}</arg>
<arg>${Size_y}</arg>
<kw name="Digitar Na Posicao" library="Mainframe">
<arg>${tso5}</arg>
<arg>${x12}</arg>
<arg>${y12}</arg>
<kw name="Limpar campo" library="Mainframe">
<arg>${y}</arg>
<arg>${x}</arg>
<kw name="Delete Field" library="Mainframe3270">
<arg>${x}</arg>
<arg>${y}</arg>
<doc>Delete a entire contents in field at current cursor location and positions
cursor at beginning of field. If you want to delete a field that is in
another position, simply pass the coordinates "ypos"/"xpos" of any part of the field.</doc>
<status status="PASS" starttime="20210527 08:11:21.600" endtime="20210527 08:11:21.601"/>
</kw>
<status status="PASS" starttime="20210527 08:11:21.599" endtime="20210527 08:11:21.601"/>
</kw>
<kw name="Write Bare In Position" library="Mainframe3270">
<arg>${text}</arg>
<arg>${y}</arg>
<arg>${x}</arg>
<doc>Send only the string to the screen at screen co-ordinates "ypos"/"xpos".</doc>
<status status="PASS" starttime="20210527 08:11:21.602" endtime="20210527 08:11:21.603"/>
</kw>
<status status="PASS" starttime="20210527 08:11:21.598" endtime="20210527 08:11:21.603"/>
</kw>
<kw name="Tabular" library="Mainframe">
<kw name="Execute Command" library="Mainframe3270">
<arg>Tab</arg>
<doc>Execute an [http://x3270.bgp.nu/wc3270-man.html#Actions|x3270 command].</doc>
<status status="PASS" starttime="20210527 08:11:21.604" endtime="20210527 08:11:22.110"/>
</kw>
<status status="PASS" starttime="20210527 08:11:21.603" endtime="20210527 08:11:22.110"/>
</kw>
<status status="PASS" starttime="20210527 08:11:21.598" endtime="20210527 08:11:22.110"/>
</kw>
<status status="PASS" starttime="20210527 08:11:21.596" endtime="20210527 08:11:22.110"/>
</kw>
<kw name="Informar Executar no TSO" library="Tso">
<kw name="Informar Executar" library="TsoData">
<arg>${Perform}</arg>
<arg>${Perform_x}</arg>
<arg>${Perform_y}</arg>
<kw name="Digitar Na Posicao" library="Mainframe">
<arg>${tso6}</arg>
<arg>${x13}</arg>
<arg>${y13}</arg>
<kw name="Limpar campo" library="Mainframe">
<arg>${y}</arg>
<arg>${x}</arg>
<kw name="Delete Field" library="Mainframe3270">
<arg>${x}</arg>
<arg>${y}</arg>
<doc>Delete a entire contents in field at current cursor location and positions
cursor at beginning of field. If you want to delete a field that is in
another position, simply pass the coordinates "ypos"/"xpos" of any part of the field.</doc>
<status status="PASS" starttime="20210527 08:11:22.117" endtime="20210527 08:11:22.119"/>
</kw>
<status status="PASS" starttime="20210527 08:11:22.116" endtime="20210527 08:11:22.119"/>
</kw>
<kw name="Write Bare In Position" library="Mainframe3270">
<arg>${text}</arg>
<arg>${y}</arg>
<arg>${x}</arg>
<doc>Send only the string to the screen at screen co-ordinates "ypos"/"xpos".</doc>
<status status="PASS" starttime="20210527 08:11:22.119" endtime="20210527 08:11:22.120"/>
</kw>
<status status="PASS" starttime="20210527 08:11:22.115" endtime="20210527 08:11:22.120"/>
</kw>
<kw name="Tabular" library="Mainframe">
<kw name="Execute Command" library="Mainframe3270">
<arg>Tab</arg>
<doc>Execute an [http://x3270.bgp.nu/wc3270-man.html#Actions|x3270 command].</doc>
<status status="PASS" starttime="20210527 08:11:22.120" endtime="20210527 08:11:22.626"/>
</kw>
<status status="PASS" starttime="20210527 08:11:22.120" endtime="20210527 08:11:22.626"/>
</kw>
<status status="PASS" starttime="20210527 08:11:22.114" endtime="20210527 08:11:22.626"/>
</kw>
<status status="PASS" starttime="20210527 08:11:22.112" endtime="20210527 08:11:22.628"/>
</kw>
<kw name="Informar Comando no TSO" library="Tso">
<kw name="Informar Comando" library="TsoData">
<arg>${command}</arg>
<arg>${command_x}</arg>
<arg>${command_y}</arg>
<kw name="Digitar Na Posicao" library="Mainframe">
<arg>${tso7}</arg>
<arg>${x14}</arg>
<arg>${y14}</arg>
<kw name="Limpar campo" library="Mainframe">
<arg>${y}</arg>
<arg>${x}</arg>
<kw name="Delete Field" library="Mainframe3270">
<arg>${x}</arg>
<arg>${y}</arg>
<doc>Delete a entire contents in field at current cursor location and positions
cursor at beginning of field. If you want to delete a field that is in
another position, simply pass the coordinates "ypos"/"xpos" of any part of the field.</doc>
<status status="PASS" starttime="20210527 08:11:22.633" endtime="20210527 08:11:22.635"/>
</kw>
<status status="PASS" starttime="20210527 08:11:22.631" endtime="20210527 08:11:22.635"/>
</kw>
<kw name="Write Bare In Position" library="Mainframe3270">
<arg>${text}</arg>
<arg>${y}</arg>
<arg>${x}</arg>
<doc>Send only the string to the screen at screen co-ordinates "ypos"/"xpos".</doc>
<status status="PASS" starttime="20210527 08:11:22.636" endtime="20210527 08:11:22.638"/>
</kw>
<status status="PASS" starttime="20210527 08:11:22.630" endtime="20210527 08:11:22.638"/>
</kw>
<kw name="Tabular" library="Mainframe">
<kw name="Execute Command" library="Mainframe3270">
<arg>Tab</arg>
<doc>Execute an [http://x3270.bgp.nu/wc3270-man.html#Actions|x3270 command].</doc>
<status status="PASS" starttime="20210527 08:11:22.639" endtime="20210527 08:11:23.155"/>
</kw>
<status status="PASS" starttime="20210527 08:11:22.639" endtime="20210527 08:11:23.155"/>
</kw>
<status status="PASS" starttime="20210527 08:11:22.629" endtime="20210527 08:11:23.155"/>
</kw>
<status status="PASS" starttime="20210527 08:11:22.628" endtime="20210527 08:11:23.155"/>
</kw>
<doc>Este caso de teste tem como objetivo validar o acesso ao TSO.</doc>
<tag>Fluxo Principal</tag>
<status status="PASS" starttime="20210527 08:11:18.272" endtime="20210527 08:11:23.157"/>
</test>
<test id="s1-s2-t2" name="CT002 - TSO Help">
<kw name="Help TSO" library="Tso">
<kw name="Executar Comando PF1" library="TsoData">
<kw name="Execute Command" library="Mainframe3270">
<arg>${PF1}</arg>
<doc>Execute an [http://x3270.bgp.nu/wc3270-man.html#Actions|x3270 command].</doc>
<status status="PASS" starttime="20210527 08:11:23.162" endtime="20210527 08:11:24.072"/>
</kw>
<kw name="Transmitir" library="Mainframe">
<kw name="Capturar Screenshot" library="Mainframe">
<kw name="Take Screenshot" library="Mainframe3270">
<doc>Generate a screenshot of the IBM 3270 Mainframe in a html format. The
default folder is the log folder of RobotFramework, if you want change see the `Set Screenshot Folder`.</doc>
<msg timestamp="20210527 08:11:24.076" level="INFO" html="true">&lt;iframe src="./screenshot_1622113884074.html" height="410" width="670"&gt;&lt;/iframe&gt;</msg>
<status status="PASS" starttime="20210527 08:11:24.074" endtime="20210527 08:11:24.076"/>
</kw>
<status status="PASS" starttime="20210527 08:11:24.072" endtime="20210527 08:11:24.076"/>
</kw>
<kw name="Send Enter" library="Mainframe3270">
<doc>Send a Enter to the screen.</doc>
<status status="PASS" starttime="20210527 08:11:24.078" endtime="20210527 08:11:24.823"/>
</kw>
<kw name="Capturar Screenshot" library="Mainframe">
<kw name="Take Screenshot" library="Mainframe3270">
<doc>Generate a screenshot of the IBM 3270 Mainframe in a html format. The
default folder is the log folder of RobotFramework, if you want change see the `Set Screenshot Folder`.</doc>
<msg timestamp="20210527 08:11:24.827" level="INFO" html="true">&lt;iframe src="./screenshot_1622113884823.html" height="410" width="670"&gt;&lt;/iframe&gt;</msg>
<status status="PASS" starttime="20210527 08:11:24.823" endtime="20210527 08:11:24.827"/>
</kw>
<status status="PASS" starttime="20210527 08:11:24.823" endtime="20210527 08:11:24.827"/>
</kw>
<status status="PASS" starttime="20210527 08:11:24.072" endtime="20210527 08:11:24.827"/>
</kw>
<kw name="Transmitir" library="Mainframe">
<kw name="Capturar Screenshot" library="Mainframe">
<kw name="Take Screenshot" library="Mainframe3270">
<doc>Generate a screenshot of the IBM 3270 Mainframe in a html format. The
default folder is the log folder of RobotFramework, if you want change see the `Set Screenshot Folder`.</doc>
<msg timestamp="20210527 08:11:24.831" level="INFO" html="true">&lt;iframe src="./screenshot_1622113884829.html" height="410" width="670"&gt;&lt;/iframe&gt;</msg>
<status status="PASS" starttime="20210527 08:11:24.829" endtime="20210527 08:11:24.831"/>
</kw>
<status status="PASS" starttime="20210527 08:11:24.827" endtime="20210527 08:11:24.831"/>
</kw>
<kw name="Send Enter" library="Mainframe3270">
<doc>Send a Enter to the screen.</doc>
<status status="PASS" starttime="20210527 08:11:24.832" endtime="20210527 08:11:25.544"/>
</kw>
<kw name="Capturar Screenshot" library="Mainframe">
<kw name="Take Screenshot" library="Mainframe3270">
<doc>Generate a screenshot of the IBM 3270 Mainframe in a html format. The
default folder is the log folder of RobotFramework, if you want change see the `Set Screenshot Folder`.</doc>
<msg timestamp="20210527 08:11:25.548" level="INFO" html="true">&lt;iframe src="./screenshot_1622113885546.html" height="410" width="670"&gt;&lt;/iframe&gt;</msg>
<status status="PASS" starttime="20210527 08:11:25.546" endtime="20210527 08:11:25.548"/>
</kw>
<status status="PASS" starttime="20210527 08:11:25.544" endtime="20210527 08:11:25.550"/>
</kw>
<status status="PASS" starttime="20210527 08:11:24.827" endtime="20210527 08:11:25.550"/>
</kw>
<status status="PASS" starttime="20210527 08:11:23.162" endtime="20210527 08:11:25.550"/>
</kw>
<kw name="Executar Comando PF7" library="TsoData">
<kw name="Execute Command" library="Mainframe3270">
<arg>${PF7}</arg>
<doc>Execute an [http://x3270.bgp.nu/wc3270-man.html#Actions|x3270 command].</doc>
<status status="PASS" starttime="20210527 08:11:25.550" endtime="20210527 08:11:26.336"/>
</kw>
<kw name="Capturar Screenshot" library="Mainframe">
<kw name="Take Screenshot" library="Mainframe3270">
<doc>Generate a screenshot of the IBM 3270 Mainframe in a html format. The
default folder is the log folder of RobotFramework, if you want change see the `Set Screenshot Folder`.</doc>
<msg timestamp="20210527 08:11:26.340" level="INFO" html="true">&lt;iframe src="./screenshot_1622113886336.html" height="410" width="670"&gt;&lt;/iframe&gt;</msg>
<status status="PASS" starttime="20210527 08:11:26.336" endtime="20210527 08:11:26.340"/>
</kw>
<status status="PASS" starttime="20210527 08:11:26.336" endtime="20210527 08:11:26.340"/>
</kw>
<status status="PASS" starttime="20210527 08:11:25.550" endtime="20210527 08:11:26.340"/>
</kw>
<kw name="Executar Comando PF3" library="TsoData">
<kw name="Execute Command" library="Mainframe3270">
<arg>${PF3}</arg>
<doc>Execute an [http://x3270.bgp.nu/wc3270-man.html#Actions|x3270 command].</doc>
<status status="PASS" starttime="20210527 08:11:26.342" endtime="20210527 08:11:27.070"/>
</kw>
<kw name="Capturar Screenshot" library="Mainframe">
<kw name="Take Screenshot" library="Mainframe3270">
<doc>Generate a screenshot of the IBM 3270 Mainframe in a html format. The
default folder is the log folder of RobotFramework, if you want change see the `Set Screenshot Folder`.</doc>
<msg timestamp="20210527 08:11:27.072" level="INFO" html="true">&lt;iframe src="./screenshot_1622113887070.html" height="410" width="670"&gt;&lt;/iframe&gt;</msg>
<status status="PASS" starttime="20210527 08:11:27.070" endtime="20210527 08:11:27.072"/>
</kw>
<status status="PASS" starttime="20210527 08:11:27.070" endtime="20210527 08:11:27.072"/>
</kw>
<status status="PASS" starttime="20210527 08:11:26.340" endtime="20210527 08:11:27.074"/>
</kw>
<status status="PASS" starttime="20210527 08:11:23.161" endtime="20210527 08:11:27.074"/>
</kw>
<doc>Este caso de teste tem como objetivo validar o Help do TSO.</doc>
<tag>Fluxo Principal</tag>
<status status="PASS" starttime="20210527 08:11:23.159" endtime="20210527 08:11:27.074"/>
</test>
<kw name="Terminar Suite" library="Base" type="TEARDOWN">
<kw name="Fechar Terminal" library="Mainframe">
<kw name="Close Connection" library="Mainframe3270">
<doc>Disconnect from the host.</doc>
<status status="PASS" starttime="20210527 08:11:27.076" endtime="20210527 08:11:27.076"/>
</kw>
<status status="PASS" starttime="20210527 08:11:27.076" endtime="20210527 08:11:27.076"/>
</kw>
<status status="PASS" starttime="20210527 08:11:27.076" endtime="20210527 08:11:27.076"/>
</kw>
<status status="PASS" starttime="20210527 08:10:57.724" endtime="20210527 08:11:27.076"/>
</suite>
<status status="PASS" starttime="20210527 08:10:40.546" endtime="20210527 08:11:27.081"/>
</suite>
<statistics>
<total>
<stat pass="5" fail="0" skip="0">All Tests</stat>
</total>
<tag>
<stat pass="2" fail="0" skip="0">Fluxo Alternativo</stat>
<stat pass="3" fail="0" skip="0">Fluxo Principal</stat>
</tag>
<suite>
<stat pass="5" fail="0" skip="0" id="s1" name="Testcase">Testcase</stat>
<stat pass="3" fail="0" skip="0" id="s1-s1" name="SuiteTeste">Testcase.SuiteTeste</stat>
<stat pass="2" fail="0" skip="0" id="s1-s2" name="SuiteTesteTso">Testcase.SuiteTesteTso</stat>
</suite>
</statistics>
<errors>
</errors>
</robot>
