<?xml version="1.0" encoding="UTF-8"?>
<robot generator="Robot 4.0.2 (Python 3.9.5 on win32)" generated="20210526 23:04:26.896" rpa="false" schemaversion="2">
<suite id="s1" name="Testcase" source="C:\Robot\testealta\testcase">
<suite id="s1-s1" name="SuiteTeste" source="C:\Robot\testealta\testcase\SuiteTeste.robot">
<test id="s1-s1-t1" name="CT001 - Logar">
<kw name="Open Connection" library="Mainframe3270">
<arg>teague-tammvs1.tamu.edu</arg>
<arg>port= 992</arg>
<doc>Create a connection with IBM3270 mainframe with the default port 23. To make a connection with the mainframe
you only must inform the Host. You can pass the Logical Unit Name and the Port as optional.</doc>
<status status="PASS" starttime="20210526 23:04:26.961" endtime="20210526 23:04:27.476"/>
</kw>
<kw name="Sleep" library="BuiltIn">
<arg>10</arg>
<doc>Pauses the test executed for the given time.</doc>
<msg timestamp="20210526 23:04:37.485" level="INFO">Slept 10 seconds</msg>
<status status="PASS" starttime="20210526 23:04:27.476" endtime="20210526 23:04:37.485"/>
</kw>
<kw name="Logar No Terminal" library="LoginTC">
<kw name="Acessar o Sistema" library="LoginData">
<arg>${sistema}</arg>
<arg>${posicao_x}</arg>
<arg>${posicao_y}</arg>
<kw name="Digitar Na Posicao" library="Mainframe">
<arg>${dado}</arg>
<arg>${x}</arg>
<arg>${y}</arg>
<kw name="Limpar campo" library="Mainframe">
<arg>${y}</arg>
<arg>${x}</arg>
<kw name="Delete Field" library="Mainframe3270">
<arg>${x}</arg>
<arg>${y}</arg>
<doc>Delete a entire contents in field at current cursor location and positions
cursor at beginning of field. If you want to delete a field that is in
another position, simply pass the coordinates "ypos"/"xpos" of any part of the field.</doc>
<status status="PASS" starttime="20210526 23:04:37.491" endtime="20210526 23:04:37.493"/>
</kw>
<status status="PASS" starttime="20210526 23:04:37.489" endtime="20210526 23:04:37.493"/>
</kw>
<kw name="Write Bare In Position" library="Mainframe3270">
<arg>${text}</arg>
<arg>${y}</arg>
<arg>${x}</arg>
<doc>Send only the string to the screen at screen co-ordinates "ypos"/"xpos".</doc>
<status status="PASS" starttime="20210526 23:04:37.493" endtime="20210526 23:04:37.495"/>
</kw>
<status status="PASS" starttime="20210526 23:04:37.489" endtime="20210526 23:04:37.495"/>
</kw>
<kw name="Transmitir" library="Mainframe">
<kw name="Capturar Screenshot" library="Mainframe">
<kw name="Take Screenshot" library="Mainframe3270">
<doc>Generate a screenshot of the IBM 3270 Mainframe in a html format. The
default folder is the log folder of RobotFramework, if you want change see the `Set Screenshot Folder`.</doc>
<msg timestamp="20210526 23:04:37.495" level="INFO" html="true">&lt;iframe src="./screenshot_1622081077495.html" height="410" width="670"&gt;&lt;/iframe&gt;</msg>
<status status="PASS" starttime="20210526 23:04:37.495" endtime="20210526 23:04:37.495"/>
</kw>
<status status="PASS" starttime="20210526 23:04:37.495" endtime="20210526 23:04:37.495"/>
</kw>
<kw name="Send Enter" library="Mainframe3270">
<doc>Send a Enter to the screen.</doc>
<status status="PASS" starttime="20210526 23:04:37.495" endtime="20210526 23:04:38.213"/>
</kw>
<kw name="Capturar Screenshot" library="Mainframe">
<kw name="Take Screenshot" library="Mainframe3270">
<doc>Generate a screenshot of the IBM 3270 Mainframe in a html format. The
default folder is the log folder of RobotFramework, if you want change see the `Set Screenshot Folder`.</doc>
<msg timestamp="20210526 23:04:38.217" level="INFO" html="true">&lt;iframe src="./screenshot_1622081078214.html" height="410" width="670"&gt;&lt;/iframe&gt;</msg>
<status status="PASS" starttime="20210526 23:04:38.214" endtime="20210526 23:04:38.217"/>
</kw>
<status status="PASS" starttime="20210526 23:04:38.213" endtime="20210526 23:04:38.217"/>
</kw>
<status status="PASS" starttime="20210526 23:04:37.495" endtime="20210526 23:04:38.218"/>
</kw>
<status status="PASS" starttime="20210526 23:04:37.487" endtime="20210526 23:04:38.219"/>
</kw>
<status status="PASS" starttime="20210526 23:04:37.487" endtime="20210526 23:04:38.219"/>
</kw>
<doc>Este caso de teste tem como objetivo validar o login.</doc>
<tag>Fluxo Principal</tag>
<status status="PASS" starttime="20210526 23:04:26.961" endtime="20210526 23:04:38.219"/>
</test>
<test id="s1-s1-t2" name="CT002 - Selecionar Faculdade">
<kw name="Informar Faculdade" library="Faculdade">
<kw name="Log To Console" library="BuiltIn">
<arg>${faculdade}</arg>
<doc>Logs the given message to the console.</doc>
<status status="PASS" starttime="20210526 23:04:38.225" endtime="20210526 23:04:38.227"/>
</kw>
<kw name="Log To Console" library="BuiltIn">
<arg>${faculdadePosicao_x}</arg>
<doc>Logs the given message to the console.</doc>
<status status="PASS" starttime="20210526 23:04:38.227" endtime="20210526 23:04:38.227"/>
</kw>
<kw name="Log To Console" library="BuiltIn">
<arg>${faculdadePosicao_y}</arg>
<doc>Logs the given message to the console.</doc>
<status status="PASS" starttime="20210526 23:04:38.227" endtime="20210526 23:04:38.231"/>
</kw>
<kw name="Digitar Faculdade" library="FaculdadeData">
<arg>${faculdade}</arg>
<arg>${faculdadePosicao_x}</arg>
<arg>${faculdadePosicao_y}</arg>
<kw name="Digitar Na Posicao" library="Mainframe">
<arg>${dado1}</arg>
<arg>${x1}</arg>
<arg>${y1}</arg>
<kw name="Limpar campo" library="Mainframe">
<arg>${y}</arg>
<arg>${x}</arg>
<kw name="Delete Field" library="Mainframe3270">
<arg>${x}</arg>
<arg>${y}</arg>
<doc>Delete a entire contents in field at current cursor location and positions
cursor at beginning of field. If you want to delete a field that is in
another position, simply pass the coordinates "ypos"/"xpos" of any part of the field.</doc>
<status status="PASS" starttime="20210526 23:04:38.235" endtime="20210526 23:04:38.239"/>
</kw>
<status status="PASS" starttime="20210526 23:04:38.235" endtime="20210526 23:04:38.239"/>
</kw>
<kw name="Write Bare In Position" library="Mainframe3270">
<arg>${text}</arg>
<arg>${y}</arg>
<arg>${x}</arg>
<doc>Send only the string to the screen at screen co-ordinates "ypos"/"xpos".</doc>
<status status="PASS" starttime="20210526 23:04:38.239" endtime="20210526 23:04:38.241"/>
</kw>
<status status="PASS" starttime="20210526 23:04:38.233" endtime="20210526 23:04:38.241"/>
</kw>
<kw name="Transmitir" library="Mainframe">
<kw name="Capturar Screenshot" library="Mainframe">
<kw name="Take Screenshot" library="Mainframe3270">
<doc>Generate a screenshot of the IBM 3270 Mainframe in a html format. The
default folder is the log folder of RobotFramework, if you want change see the `Set Screenshot Folder`.</doc>
<msg timestamp="20210526 23:04:38.243" level="INFO" html="true">&lt;iframe src="./screenshot_1622081078243.html" height="410" width="670"&gt;&lt;/iframe&gt;</msg>
<status status="PASS" starttime="20210526 23:04:38.243" endtime="20210526 23:04:38.243"/>
</kw>
<status status="PASS" starttime="20210526 23:04:38.241" endtime="20210526 23:04:38.243"/>
</kw>
<kw name="Send Enter" library="Mainframe3270">
<doc>Send a Enter to the screen.</doc>
<status status="PASS" starttime="20210526 23:04:38.243" endtime="20210526 23:04:39.009"/>
</kw>
<kw name="Capturar Screenshot" library="Mainframe">
<kw name="Take Screenshot" library="Mainframe3270">
<doc>Generate a screenshot of the IBM 3270 Mainframe in a html format. The
default folder is the log folder of RobotFramework, if you want change see the `Set Screenshot Folder`.</doc>
<msg timestamp="20210526 23:04:39.013" level="INFO" html="true">&lt;iframe src="./screenshot_1622081079009.html" height="410" width="670"&gt;&lt;/iframe&gt;</msg>
<status status="PASS" starttime="20210526 23:04:39.009" endtime="20210526 23:04:39.013"/>
</kw>
<status status="PASS" starttime="20210526 23:04:39.009" endtime="20210526 23:04:39.013"/>
</kw>
<status status="PASS" starttime="20210526 23:04:38.241" endtime="20210526 23:04:39.013"/>
</kw>
<status status="PASS" starttime="20210526 23:04:38.231" endtime="20210526 23:04:39.013"/>
</kw>
<status status="PASS" starttime="20210526 23:04:38.225" endtime="20210526 23:04:39.015"/>
</kw>
<kw name="Informar Sobrenome" library="Faculdade">
<kw name="Digitar Sobrenome" library="FaculdadeData">
<arg>${sobrenome}</arg>
<arg>${sobrenomePosicao_x}</arg>
<arg>${sobrenomePosicao_y}</arg>
<kw name="Digitar Na Posicao" library="Mainframe">
<arg>${dado2}</arg>
<arg>${x2}</arg>
<arg>${y2}</arg>
<kw name="Limpar campo" library="Mainframe">
<arg>${y}</arg>
<arg>${x}</arg>
<kw name="Delete Field" library="Mainframe3270">
<arg>${x}</arg>
<arg>${y}</arg>
<doc>Delete a entire contents in field at current cursor location and positions
cursor at beginning of field. If you want to delete a field that is in
another position, simply pass the coordinates "ypos"/"xpos" of any part of the field.</doc>
<status status="PASS" starttime="20210526 23:04:39.021" endtime="20210526 23:04:39.021"/>
</kw>
<status status="PASS" starttime="20210526 23:04:39.019" endtime="20210526 23:04:39.021"/>
</kw>
<kw name="Write Bare In Position" library="Mainframe3270">
<arg>${text}</arg>
<arg>${y}</arg>
<arg>${x}</arg>
<doc>Send only the string to the screen at screen co-ordinates "ypos"/"xpos".</doc>
<status status="PASS" starttime="20210526 23:04:39.021" endtime="20210526 23:04:39.021"/>
</kw>
<status status="PASS" starttime="20210526 23:04:39.017" endtime="20210526 23:04:39.021"/>
</kw>
<kw name="Transmitir" library="Mainframe">
<kw name="Capturar Screenshot" library="Mainframe">
<kw name="Take Screenshot" library="Mainframe3270">
<doc>Generate a screenshot of the IBM 3270 Mainframe in a html format. The
default folder is the log folder of RobotFramework, if you want change see the `Set Screenshot Folder`.</doc>
<msg timestamp="20210526 23:04:39.023" level="INFO" html="true">&lt;iframe src="./screenshot_1622081079023.html" height="410" width="670"&gt;&lt;/iframe&gt;</msg>
<status status="PASS" starttime="20210526 23:04:39.023" endtime="20210526 23:04:39.023"/>
</kw>
<status status="PASS" starttime="20210526 23:04:39.021" endtime="20210526 23:04:39.023"/>
</kw>
<kw name="Send Enter" library="Mainframe3270">
<doc>Send a Enter to the screen.</doc>
<status status="PASS" starttime="20210526 23:04:39.023" endtime="20210526 23:04:39.762"/>
</kw>
<kw name="Capturar Screenshot" library="Mainframe">
<kw name="Take Screenshot" library="Mainframe3270">
<doc>Generate a screenshot of the IBM 3270 Mainframe in a html format. The
default folder is the log folder of RobotFramework, if you want change see the `Set Screenshot Folder`.</doc>
<msg timestamp="20210526 23:04:39.766" level="INFO" html="true">&lt;iframe src="./screenshot_1622081079762.html" height="410" width="670"&gt;&lt;/iframe&gt;</msg>
<status status="PASS" starttime="20210526 23:04:39.762" endtime="20210526 23:04:39.766"/>
</kw>
<status status="PASS" starttime="20210526 23:04:39.762" endtime="20210526 23:04:39.766"/>
</kw>
<status status="PASS" starttime="20210526 23:04:39.021" endtime="20210526 23:04:39.766"/>
</kw>
<status status="PASS" starttime="20210526 23:04:39.015" endtime="20210526 23:04:39.766"/>
</kw>
<status status="PASS" starttime="20210526 23:04:39.015" endtime="20210526 23:04:39.766"/>
</kw>
<kw name="Informar Sobrenome2" library="Faculdade">
<kw name="Digitar Sobrenome2" library="FaculdadeData">
<arg>${sobrenome1}</arg>
<arg>${sobrenomePosicao_x1}</arg>
<arg>${sobrenomePosicao_y1}</arg>
<kw name="Digitar Na Posicao" library="Mainframe">
<arg>${dado3}</arg>
<arg>${x3}</arg>
<arg>${y3}</arg>
<kw name="Limpar campo" library="Mainframe">
<arg>${y}</arg>
<arg>${x}</arg>
<kw name="Delete Field" library="Mainframe3270">
<arg>${x}</arg>
<arg>${y}</arg>
<doc>Delete a entire contents in field at current cursor location and positions
cursor at beginning of field. If you want to delete a field that is in
another position, simply pass the coordinates "ypos"/"xpos" of any part of the field.</doc>
<status status="PASS" starttime="20210526 23:04:39.772" endtime="20210526 23:04:39.774"/>
</kw>
<status status="PASS" starttime="20210526 23:04:39.772" endtime="20210526 23:04:39.774"/>
</kw>
<kw name="Write Bare In Position" library="Mainframe3270">
<arg>${text}</arg>
<arg>${y}</arg>
<arg>${x}</arg>
<doc>Send only the string to the screen at screen co-ordinates "ypos"/"xpos".</doc>
<status status="PASS" starttime="20210526 23:04:39.774" endtime="20210526 23:04:39.774"/>
</kw>
<status status="PASS" starttime="20210526 23:04:39.770" endtime="20210526 23:04:39.776"/>
</kw>
<kw name="Transmitir" library="Mainframe">
<kw name="Capturar Screenshot" library="Mainframe">
<kw name="Take Screenshot" library="Mainframe3270">
<doc>Generate a screenshot of the IBM 3270 Mainframe in a html format. The
default folder is the log folder of RobotFramework, if you want change see the `Set Screenshot Folder`.</doc>
<msg timestamp="20210526 23:04:39.776" level="INFO" html="true">&lt;iframe src="./screenshot_1622081079776.html" height="410" width="670"&gt;&lt;/iframe&gt;</msg>
<status status="PASS" starttime="20210526 23:04:39.776" endtime="20210526 23:04:39.776"/>
</kw>
<status status="PASS" starttime="20210526 23:04:39.776" endtime="20210526 23:04:39.776"/>
</kw>
<kw name="Send Enter" library="Mainframe3270">
<doc>Send a Enter to the screen.</doc>
<status status="PASS" starttime="20210526 23:04:39.776" endtime="20210526 23:04:40.533"/>
</kw>
<kw name="Capturar Screenshot" library="Mainframe">
<kw name="Take Screenshot" library="Mainframe3270">
<doc>Generate a screenshot of the IBM 3270 Mainframe in a html format. The
default folder is the log folder of RobotFramework, if you want change see the `Set Screenshot Folder`.</doc>
<msg timestamp="20210526 23:04:40.537" level="INFO" html="true">&lt;iframe src="./screenshot_1622081080533.html" height="410" width="670"&gt;&lt;/iframe&gt;</msg>
<status status="PASS" starttime="20210526 23:04:40.533" endtime="20210526 23:04:40.537"/>
</kw>
<status status="PASS" starttime="20210526 23:04:40.533" endtime="20210526 23:04:40.537"/>
</kw>
<status status="PASS" starttime="20210526 23:04:39.776" endtime="20210526 23:04:40.537"/>
</kw>
<status status="PASS" starttime="20210526 23:04:39.768" endtime="20210526 23:04:40.537"/>
</kw>
<status status="PASS" starttime="20210526 23:04:39.768" endtime="20210526 23:04:40.537"/>
</kw>
<kw name="Informar Action" library="Faculdade">
<kw name="Digitar Action" library="FaculdadeData">
<arg>${Action}</arg>
<arg>${ActionePosicao_x}</arg>
<arg>${ActionPosicao_Y}</arg>
<kw name="Digitar Na Posicao" library="Mainframe">
<arg>${dado4}</arg>
<arg>${x4}</arg>
<arg>${y4}</arg>
<kw name="Limpar campo" library="Mainframe">
<arg>${y}</arg>
<arg>${x}</arg>
<kw name="Delete Field" library="Mainframe3270">
<arg>${x}</arg>
<arg>${y}</arg>
<doc>Delete a entire contents in field at current cursor location and positions
cursor at beginning of field. If you want to delete a field that is in
another position, simply pass the coordinates "ypos"/"xpos" of any part of the field.</doc>
<status status="PASS" starttime="20210526 23:04:40.539" endtime="20210526 23:04:40.539"/>
</kw>
<status status="PASS" starttime="20210526 23:04:40.539" endtime="20210526 23:04:40.541"/>
</kw>
<kw name="Write Bare In Position" library="Mainframe3270">
<arg>${text}</arg>
<arg>${y}</arg>
<arg>${x}</arg>
<doc>Send only the string to the screen at screen co-ordinates "ypos"/"xpos".</doc>
<status status="PASS" starttime="20210526 23:04:40.541" endtime="20210526 23:04:40.541"/>
</kw>
<status status="PASS" starttime="20210526 23:04:40.539" endtime="20210526 23:04:40.541"/>
</kw>
<kw name="Transmitir" library="Mainframe">
<kw name="Capturar Screenshot" library="Mainframe">
<kw name="Take Screenshot" library="Mainframe3270">
<doc>Generate a screenshot of the IBM 3270 Mainframe in a html format. The
default folder is the log folder of RobotFramework, if you want change see the `Set Screenshot Folder`.</doc>
<msg timestamp="20210526 23:04:40.543" level="INFO" html="true">&lt;iframe src="./screenshot_1622081080541.html" height="410" width="670"&gt;&lt;/iframe&gt;</msg>
<status status="PASS" starttime="20210526 23:04:40.541" endtime="20210526 23:04:40.543"/>
</kw>
<status status="PASS" starttime="20210526 23:04:40.541" endtime="20210526 23:04:40.543"/>
</kw>
<kw name="Send Enter" library="Mainframe3270">
<doc>Send a Enter to the screen.</doc>
<status status="PASS" starttime="20210526 23:04:40.543" endtime="20210526 23:04:41.296"/>
</kw>
<kw name="Capturar Screenshot" library="Mainframe">
<kw name="Take Screenshot" library="Mainframe3270">
<doc>Generate a screenshot of the IBM 3270 Mainframe in a html format. The
default folder is the log folder of RobotFramework, if you want change see the `Set Screenshot Folder`.</doc>
<msg timestamp="20210526 23:04:41.300" level="INFO" html="true">&lt;iframe src="./screenshot_1622081081296.html" height="410" width="670"&gt;&lt;/iframe&gt;</msg>
<status status="PASS" starttime="20210526 23:04:41.296" endtime="20210526 23:04:41.300"/>
</kw>
<status status="PASS" starttime="20210526 23:04:41.296" endtime="20210526 23:04:41.300"/>
</kw>
<status status="PASS" starttime="20210526 23:04:40.541" endtime="20210526 23:04:41.300"/>
</kw>
<kw name="Send Enter" library="Mainframe3270">
<doc>Send a Enter to the screen.</doc>
<status status="PASS" starttime="20210526 23:04:41.300" endtime="20210526 23:04:42.062"/>
</kw>
<status status="PASS" starttime="20210526 23:04:40.539" endtime="20210526 23:04:42.062"/>
</kw>
<status status="PASS" starttime="20210526 23:04:40.537" endtime="20210526 23:04:42.062"/>
</kw>
<kw name="Informar Action - B" library="Faculdade">
<kw name="Digitar Action - B" library="FaculdadeData">
<arg>${Action2}</arg>
<arg>${ActionPosicao_x1}</arg>
<arg>${ActionPosicao_Y1}</arg>
<kw name="Digitar Na Posicao" library="Mainframe">
<arg>${dado5}</arg>
<arg>${x5}</arg>
<arg>${y5}</arg>
<kw name="Limpar campo" library="Mainframe">
<arg>${y}</arg>
<arg>${x}</arg>
<kw name="Delete Field" library="Mainframe3270">
<arg>${x}</arg>
<arg>${y}</arg>
<doc>Delete a entire contents in field at current cursor location and positions
cursor at beginning of field. If you want to delete a field that is in
another position, simply pass the coordinates "ypos"/"xpos" of any part of the field.</doc>
<status status="PASS" starttime="20210526 23:04:42.068" endtime="20210526 23:04:42.070"/>
</kw>
<status status="PASS" starttime="20210526 23:04:42.068" endtime="20210526 23:04:42.070"/>
</kw>
<kw name="Write Bare In Position" library="Mainframe3270">
<arg>${text}</arg>
<arg>${y}</arg>
<arg>${x}</arg>
<doc>Send only the string to the screen at screen co-ordinates "ypos"/"xpos".</doc>
<status status="PASS" starttime="20210526 23:04:42.070" endtime="20210526 23:04:42.072"/>
</kw>
<status status="PASS" starttime="20210526 23:04:42.066" endtime="20210526 23:04:42.072"/>
</kw>
<kw name="Transmitir" library="Mainframe">
<kw name="Capturar Screenshot" library="Mainframe">
<kw name="Take Screenshot" library="Mainframe3270">
<doc>Generate a screenshot of the IBM 3270 Mainframe in a html format. The
default folder is the log folder of RobotFramework, if you want change see the `Set Screenshot Folder`.</doc>
<msg timestamp="20210526 23:04:42.072" level="INFO" html="true">&lt;iframe src="./screenshot_1622081082072.html" height="410" width="670"&gt;&lt;/iframe&gt;</msg>
<status status="PASS" starttime="20210526 23:04:42.072" endtime="20210526 23:04:42.072"/>
</kw>
<status status="PASS" starttime="20210526 23:04:42.072" endtime="20210526 23:04:42.072"/>
</kw>
<kw name="Send Enter" library="Mainframe3270">
<doc>Send a Enter to the screen.</doc>
<status status="PASS" starttime="20210526 23:04:42.072" endtime="20210526 23:04:42.821"/>
</kw>
<kw name="Capturar Screenshot" library="Mainframe">
<kw name="Take Screenshot" library="Mainframe3270">
<doc>Generate a screenshot of the IBM 3270 Mainframe in a html format. The
default folder is the log folder of RobotFramework, if you want change see the `Set Screenshot Folder`.</doc>
<msg timestamp="20210526 23:04:42.825" level="INFO" html="true">&lt;iframe src="./screenshot_1622081082823.html" height="410" width="670"&gt;&lt;/iframe&gt;</msg>
<status status="PASS" starttime="20210526 23:04:42.821" endtime="20210526 23:04:42.825"/>
</kw>
<status status="PASS" starttime="20210526 23:04:42.821" endtime="20210526 23:04:42.825"/>
</kw>
<status status="PASS" starttime="20210526 23:04:42.072" endtime="20210526 23:04:42.825"/>
</kw>
<status status="PASS" starttime="20210526 23:04:42.066" endtime="20210526 23:04:42.825"/>
</kw>
<status status="PASS" starttime="20210526 23:04:42.064" endtime="20210526 23:04:42.827"/>
</kw>
<doc>Este caso de teste tem como objetivo validar quando for informado faculdade.</doc>
<tag>Fluxo Alternativo</tag>
<status status="PASS" starttime="20210526 23:04:38.223" endtime="20210526 23:04:42.827"/>
</test>
<test id="s1-s1-t3" name="CT003 - Help">
<kw name="Help" library="Faculdade">
<kw name="Digitar Help" library="FaculdadeData">
<arg>${Help}</arg>
<arg>${HelpPosicao_x}</arg>
<arg>${helpPosicao_Y}</arg>
<kw name="Digitar Na Posicao" library="Mainframe">
<arg>${dado6}</arg>
<arg>${x6}</arg>
<arg>${y6}</arg>
<kw name="Limpar campo" library="Mainframe">
<arg>${y}</arg>
<arg>${x}</arg>
<kw name="Delete Field" library="Mainframe3270">
<arg>${x}</arg>
<arg>${y}</arg>
<doc>Delete a entire contents in field at current cursor location and positions
cursor at beginning of field. If you want to delete a field that is in
another position, simply pass the coordinates "ypos"/"xpos" of any part of the field.</doc>
<status status="PASS" starttime="20210526 23:04:42.837" endtime="20210526 23:04:42.839"/>
</kw>
<status status="PASS" starttime="20210526 23:04:42.836" endtime="20210526 23:04:42.839"/>
</kw>
<kw name="Write Bare In Position" library="Mainframe3270">
<arg>${text}</arg>
<arg>${y}</arg>
<arg>${x}</arg>
<doc>Send only the string to the screen at screen co-ordinates "ypos"/"xpos".</doc>
<status status="PASS" starttime="20210526 23:04:42.839" endtime="20210526 23:04:42.839"/>
</kw>
<status status="PASS" starttime="20210526 23:04:42.833" endtime="20210526 23:04:42.839"/>
</kw>
<kw name="Transmitir" library="Mainframe">
<kw name="Capturar Screenshot" library="Mainframe">
<kw name="Take Screenshot" library="Mainframe3270">
<doc>Generate a screenshot of the IBM 3270 Mainframe in a html format. The
default folder is the log folder of RobotFramework, if you want change see the `Set Screenshot Folder`.</doc>
<msg timestamp="20210526 23:04:42.841" level="INFO" html="true">&lt;iframe src="./screenshot_1622081082839.html" height="410" width="670"&gt;&lt;/iframe&gt;</msg>
<status status="PASS" starttime="20210526 23:04:42.839" endtime="20210526 23:04:42.841"/>
</kw>
<status status="PASS" starttime="20210526 23:04:42.839" endtime="20210526 23:04:42.841"/>
</kw>
<kw name="Send Enter" library="Mainframe3270">
<doc>Send a Enter to the screen.</doc>
<status status="PASS" starttime="20210526 23:04:42.841" endtime="20210526 23:04:43.591"/>
</kw>
<kw name="Capturar Screenshot" library="Mainframe">
<kw name="Take Screenshot" library="Mainframe3270">
<doc>Generate a screenshot of the IBM 3270 Mainframe in a html format. The
default folder is the log folder of RobotFramework, if you want change see the `Set Screenshot Folder`.</doc>
<msg timestamp="20210526 23:04:43.595" level="INFO" html="true">&lt;iframe src="./screenshot_1622081083593.html" height="410" width="670"&gt;&lt;/iframe&gt;</msg>
<status status="PASS" starttime="20210526 23:04:43.591" endtime="20210526 23:04:43.595"/>
</kw>
<status status="PASS" starttime="20210526 23:04:43.591" endtime="20210526 23:04:43.595"/>
</kw>
<status status="PASS" starttime="20210526 23:04:42.839" endtime="20210526 23:04:43.597"/>
</kw>
<status status="PASS" starttime="20210526 23:04:42.833" endtime="20210526 23:04:43.597"/>
</kw>
<kw name="Terminar Suite" library="Base">
<kw name="Fechar Terminal" library="Mainframe">
<kw name="Close Connection" library="Mainframe3270">
<doc>Disconnect from the host.</doc>
<status status="PASS" starttime="20210526 23:04:43.599" endtime="20210526 23:04:43.599"/>
</kw>
<status status="PASS" starttime="20210526 23:04:43.597" endtime="20210526 23:04:43.599"/>
</kw>
<status status="PASS" starttime="20210526 23:04:43.597" endtime="20210526 23:04:43.599"/>
</kw>
<status status="PASS" starttime="20210526 23:04:42.831" endtime="20210526 23:04:43.599"/>
</kw>
<doc>Este caso de teste tem como objetivo validar o help.</doc>
<tag>Fluxo Alternativo</tag>
<status status="PASS" starttime="20210526 23:04:42.829" endtime="20210526 23:04:43.601"/>
</test>
<status status="PASS" starttime="20210526 23:04:26.917" endtime="20210526 23:04:43.603"/>
</suite>
<status status="PASS" starttime="20210526 23:04:26.896" endtime="20210526 23:04:43.605"/>
</suite>
<statistics>
<total>
<stat pass="3" fail="0" skip="0">All Tests</stat>
</total>
<tag>
<stat pass="2" fail="0" skip="0">Fluxo Alternativo</stat>
<stat pass="1" fail="0" skip="0">Fluxo Principal</stat>
</tag>
<suite>
<stat pass="3" fail="0" skip="0" id="s1" name="Testcase">Testcase</stat>
<stat pass="3" fail="0" skip="0" id="s1-s1" name="SuiteTeste">Testcase.SuiteTeste</stat>
</suite>
</statistics>
<errors>
</errors>
</robot>
