<?xml version="1.0" encoding="UTF-8"?>
<robot generator="Robot 4.0.2 (Python 3.9.5 on win32)" generated="20210526 19:49:56.744" rpa="false" schemaversion="2">
<suite id="s1" name="Testcase" source="C:\Robot\testealta\testcase">
<suite id="s1-s1" name="Login" source="C:\Robot\testealta\testcase\login.robot">
<test id="s1-s1-t1" name="CT001 - Logar">
<kw name="Open Connection" library="Mainframe3270">
<arg>teague-tammvs1.tamu.edu</arg>
<arg>port= 992</arg>
<doc>Create a connection with IBM3270 mainframe with the default port 23. To make a connection with the mainframe
you only must inform the Host. You can pass the Logical Unit Name and the Port as optional.</doc>
<status status="PASS" starttime="20210526 19:49:56.809" endtime="20210526 19:49:57.331"/>
</kw>
<kw name="Sleep" library="BuiltIn">
<arg>10</arg>
<doc>Pauses the test executed for the given time.</doc>
<msg timestamp="20210526 19:50:07.344" level="INFO">Slept 10 seconds</msg>
<status status="PASS" starttime="20210526 19:49:57.331" endtime="20210526 19:50:07.344"/>
</kw>
<kw name="Logar No Terminal" library="LoginTC">
<kw name="Acessar o Sistema" library="LoginDAO">
<arg>${sistema}</arg>
<arg>${posicao_x}</arg>
<arg>${posicao_y}</arg>
<kw name="Digitar Na Posicao" library="Mainframe">
<arg>${dado}</arg>
<arg>${x}</arg>
<arg>${y}</arg>
<kw name="Limpar campo" library="Mainframe">
<arg>${y}</arg>
<arg>${x}</arg>
<kw name="Delete Field" library="Mainframe3270">
<arg>${x}</arg>
<arg>${y}</arg>
<doc>Delete a entire contents in field at current cursor location and positions
cursor at beginning of field. If you want to delete a field that is in
another position, simply pass the coordinates "ypos"/"xpos" of any part of the field.</doc>
<status status="PASS" starttime="20210526 19:50:07.344" endtime="20210526 19:50:07.344"/>
</kw>
<status status="PASS" starttime="20210526 19:50:07.344" endtime="20210526 19:50:07.344"/>
</kw>
<kw name="Write Bare In Position" library="Mainframe3270">
<arg>${text}</arg>
<arg>${y}</arg>
<arg>${x}</arg>
<doc>Send only the string to the screen at screen co-ordinates "ypos"/"xpos".</doc>
<status status="PASS" starttime="20210526 19:50:07.344" endtime="20210526 19:50:07.344"/>
</kw>
<status status="PASS" starttime="20210526 19:50:07.344" endtime="20210526 19:50:07.344"/>
</kw>
<kw name="Transmitir" library="Mainframe">
<kw name="Capturar Screenshot" library="Mainframe">
<kw name="Take Screenshot" library="Mainframe3270">
<doc>Generate a screenshot of the IBM 3270 Mainframe in a html format. The
default folder is the log folder of RobotFramework, if you want change see the `Set Screenshot Folder`.</doc>
<msg timestamp="20210526 19:50:07.344" level="INFO" html="true">&lt;iframe src="./screenshot_1622069407344.html" height="410" width="670"&gt;&lt;/iframe&gt;</msg>
<status status="PASS" starttime="20210526 19:50:07.344" endtime="20210526 19:50:07.344"/>
</kw>
<status status="PASS" starttime="20210526 19:50:07.344" endtime="20210526 19:50:07.344"/>
</kw>
<kw name="Send Enter" library="Mainframe3270">
<doc>Send a Enter to the screen.</doc>
<status status="PASS" starttime="20210526 19:50:07.344" endtime="20210526 19:50:08.045"/>
</kw>
<kw name="Capturar Screenshot" library="Mainframe">
<kw name="Take Screenshot" library="Mainframe3270">
<doc>Generate a screenshot of the IBM 3270 Mainframe in a html format. The
default folder is the log folder of RobotFramework, if you want change see the `Set Screenshot Folder`.</doc>
<msg timestamp="20210526 19:50:08.045" level="INFO" html="true">&lt;iframe src="./screenshot_1622069408045.html" height="410" width="670"&gt;&lt;/iframe&gt;</msg>
<status status="PASS" starttime="20210526 19:50:08.045" endtime="20210526 19:50:08.045"/>
</kw>
<status status="PASS" starttime="20210526 19:50:08.045" endtime="20210526 19:50:08.045"/>
</kw>
<status status="PASS" starttime="20210526 19:50:07.344" endtime="20210526 19:50:08.045"/>
</kw>
<status status="PASS" starttime="20210526 19:50:07.344" endtime="20210526 19:50:08.045"/>
</kw>
<status status="PASS" starttime="20210526 19:50:07.344" endtime="20210526 19:50:08.045"/>
</kw>
<doc>Este caso de teste tem como objetivo validar o login.</doc>
<tag>Fluxo Principal</tag>
<status status="PASS" starttime="20210526 19:49:56.809" endtime="20210526 19:50:08.045"/>
</test>
<test id="s1-s1-t2" name="CT002 - Selecionar Faculdade">
<kw name="Informar Faculdade" library="Faculdade">
<kw name="Acessar o Sistema" library="LoginDAO">
<arg>F</arg>
<arg>12</arg>
<arg>34</arg>
<kw name="Digitar Na Posicao" library="Mainframe">
<arg>${dado}</arg>
<arg>${x}</arg>
<arg>${y}</arg>
<kw name="Limpar campo" library="Mainframe">
<arg>${y}</arg>
<arg>${x}</arg>
<kw name="Delete Field" library="Mainframe3270">
<arg>${x}</arg>
<arg>${y}</arg>
<doc>Delete a entire contents in field at current cursor location and positions
cursor at beginning of field. If you want to delete a field that is in
another position, simply pass the coordinates "ypos"/"xpos" of any part of the field.</doc>
<status status="PASS" starttime="20210526 19:50:08.045" endtime="20210526 19:50:08.045"/>
</kw>
<status status="PASS" starttime="20210526 19:50:08.045" endtime="20210526 19:50:08.045"/>
</kw>
<kw name="Write Bare In Position" library="Mainframe3270">
<arg>${text}</arg>
<arg>${y}</arg>
<arg>${x}</arg>
<doc>Send only the string to the screen at screen co-ordinates "ypos"/"xpos".</doc>
<status status="PASS" starttime="20210526 19:50:08.045" endtime="20210526 19:50:08.045"/>
</kw>
<status status="PASS" starttime="20210526 19:50:08.045" endtime="20210526 19:50:08.045"/>
</kw>
<kw name="Transmitir" library="Mainframe">
<kw name="Capturar Screenshot" library="Mainframe">
<kw name="Take Screenshot" library="Mainframe3270">
<doc>Generate a screenshot of the IBM 3270 Mainframe in a html format. The
default folder is the log folder of RobotFramework, if you want change see the `Set Screenshot Folder`.</doc>
<msg timestamp="20210526 19:50:08.045" level="INFO" html="true">&lt;iframe src="./screenshot_1622069408045.html" height="410" width="670"&gt;&lt;/iframe&gt;</msg>
<status status="PASS" starttime="20210526 19:50:08.045" endtime="20210526 19:50:08.045"/>
</kw>
<status status="PASS" starttime="20210526 19:50:08.045" endtime="20210526 19:50:08.045"/>
</kw>
<kw name="Send Enter" library="Mainframe3270">
<doc>Send a Enter to the screen.</doc>
<status status="PASS" starttime="20210526 19:50:08.045" endtime="20210526 19:50:08.778"/>
</kw>
<kw name="Capturar Screenshot" library="Mainframe">
<kw name="Take Screenshot" library="Mainframe3270">
<doc>Generate a screenshot of the IBM 3270 Mainframe in a html format. The
default folder is the log folder of RobotFramework, if you want change see the `Set Screenshot Folder`.</doc>
<msg timestamp="20210526 19:50:08.783" level="INFO" html="true">&lt;iframe src="./screenshot_1622069408778.html" height="410" width="670"&gt;&lt;/iframe&gt;</msg>
<status status="PASS" starttime="20210526 19:50:08.778" endtime="20210526 19:50:08.783"/>
</kw>
<status status="PASS" starttime="20210526 19:50:08.778" endtime="20210526 19:50:08.783"/>
</kw>
<status status="PASS" starttime="20210526 19:50:08.045" endtime="20210526 19:50:08.783"/>
</kw>
<status status="PASS" starttime="20210526 19:50:08.045" endtime="20210526 19:50:08.783"/>
</kw>
<status status="PASS" starttime="20210526 19:50:08.045" endtime="20210526 19:50:08.783"/>
</kw>
<kw name="Informar Nome" library="Faculdade">
<kw name="Acessar o Sistema" library="LoginDAO">
<arg>Texeira</arg>
<arg>20</arg>
<arg>7</arg>
<kw name="Digitar Na Posicao" library="Mainframe">
<arg>${dado}</arg>
<arg>${x}</arg>
<arg>${y}</arg>
<kw name="Limpar campo" library="Mainframe">
<arg>${y}</arg>
<arg>${x}</arg>
<kw name="Delete Field" library="Mainframe3270">
<arg>${x}</arg>
<arg>${y}</arg>
<doc>Delete a entire contents in field at current cursor location and positions
cursor at beginning of field. If you want to delete a field that is in
another position, simply pass the coordinates "ypos"/"xpos" of any part of the field.</doc>
<status status="PASS" starttime="20210526 19:50:08.783" endtime="20210526 19:50:08.783"/>
</kw>
<status status="PASS" starttime="20210526 19:50:08.783" endtime="20210526 19:50:08.783"/>
</kw>
<kw name="Write Bare In Position" library="Mainframe3270">
<arg>${text}</arg>
<arg>${y}</arg>
<arg>${x}</arg>
<doc>Send only the string to the screen at screen co-ordinates "ypos"/"xpos".</doc>
<status status="PASS" starttime="20210526 19:50:08.783" endtime="20210526 19:50:08.783"/>
</kw>
<status status="PASS" starttime="20210526 19:50:08.783" endtime="20210526 19:50:08.783"/>
</kw>
<kw name="Transmitir" library="Mainframe">
<kw name="Capturar Screenshot" library="Mainframe">
<kw name="Take Screenshot" library="Mainframe3270">
<doc>Generate a screenshot of the IBM 3270 Mainframe in a html format. The
default folder is the log folder of RobotFramework, if you want change see the `Set Screenshot Folder`.</doc>
<msg timestamp="20210526 19:50:08.783" level="INFO" html="true">&lt;iframe src="./screenshot_1622069408783.html" height="410" width="670"&gt;&lt;/iframe&gt;</msg>
<status status="PASS" starttime="20210526 19:50:08.783" endtime="20210526 19:50:08.783"/>
</kw>
<status status="PASS" starttime="20210526 19:50:08.783" endtime="20210526 19:50:08.783"/>
</kw>
<kw name="Send Enter" library="Mainframe3270">
<doc>Send a Enter to the screen.</doc>
<status status="PASS" starttime="20210526 19:50:08.783" endtime="20210526 19:50:09.515"/>
</kw>
<kw name="Capturar Screenshot" library="Mainframe">
<kw name="Take Screenshot" library="Mainframe3270">
<doc>Generate a screenshot of the IBM 3270 Mainframe in a html format. The
default folder is the log folder of RobotFramework, if you want change see the `Set Screenshot Folder`.</doc>
<msg timestamp="20210526 19:50:09.515" level="INFO" html="true">&lt;iframe src="./screenshot_1622069409515.html" height="410" width="670"&gt;&lt;/iframe&gt;</msg>
<status status="PASS" starttime="20210526 19:50:09.515" endtime="20210526 19:50:09.515"/>
</kw>
<status status="PASS" starttime="20210526 19:50:09.515" endtime="20210526 19:50:09.515"/>
</kw>
<status status="PASS" starttime="20210526 19:50:08.783" endtime="20210526 19:50:09.515"/>
</kw>
<status status="PASS" starttime="20210526 19:50:08.783" endtime="20210526 19:50:09.515"/>
</kw>
<status status="PASS" starttime="20210526 19:50:08.783" endtime="20210526 19:50:09.515"/>
</kw>
<kw name="Informar na lista" library="Faculdade">
<kw name="Acessar o Sistema" library="LoginDAO">
<arg>teta</arg>
<arg>20</arg>
<arg>7</arg>
<kw name="Digitar Na Posicao" library="Mainframe">
<arg>${dado}</arg>
<arg>${x}</arg>
<arg>${y}</arg>
<kw name="Limpar campo" library="Mainframe">
<arg>${y}</arg>
<arg>${x}</arg>
<kw name="Delete Field" library="Mainframe3270">
<arg>${x}</arg>
<arg>${y}</arg>
<doc>Delete a entire contents in field at current cursor location and positions
cursor at beginning of field. If you want to delete a field that is in
another position, simply pass the coordinates "ypos"/"xpos" of any part of the field.</doc>
<status status="PASS" starttime="20210526 19:50:09.515" endtime="20210526 19:50:09.515"/>
</kw>
<status status="PASS" starttime="20210526 19:50:09.515" endtime="20210526 19:50:09.515"/>
</kw>
<kw name="Write Bare In Position" library="Mainframe3270">
<arg>${text}</arg>
<arg>${y}</arg>
<arg>${x}</arg>
<doc>Send only the string to the screen at screen co-ordinates "ypos"/"xpos".</doc>
<status status="PASS" starttime="20210526 19:50:09.515" endtime="20210526 19:50:09.530"/>
</kw>
<status status="PASS" starttime="20210526 19:50:09.515" endtime="20210526 19:50:09.530"/>
</kw>
<kw name="Transmitir" library="Mainframe">
<kw name="Capturar Screenshot" library="Mainframe">
<kw name="Take Screenshot" library="Mainframe3270">
<doc>Generate a screenshot of the IBM 3270 Mainframe in a html format. The
default folder is the log folder of RobotFramework, if you want change see the `Set Screenshot Folder`.</doc>
<msg timestamp="20210526 19:50:09.530" level="INFO" html="true">&lt;iframe src="./screenshot_1622069409530.html" height="410" width="670"&gt;&lt;/iframe&gt;</msg>
<status status="PASS" starttime="20210526 19:50:09.530" endtime="20210526 19:50:09.530"/>
</kw>
<status status="PASS" starttime="20210526 19:50:09.530" endtime="20210526 19:50:09.530"/>
</kw>
<kw name="Send Enter" library="Mainframe3270">
<doc>Send a Enter to the screen.</doc>
<status status="PASS" starttime="20210526 19:50:09.530" endtime="20210526 19:50:10.252"/>
</kw>
<kw name="Capturar Screenshot" library="Mainframe">
<kw name="Take Screenshot" library="Mainframe3270">
<doc>Generate a screenshot of the IBM 3270 Mainframe in a html format. The
default folder is the log folder of RobotFramework, if you want change see the `Set Screenshot Folder`.</doc>
<msg timestamp="20210526 19:50:10.252" level="INFO" html="true">&lt;iframe src="./screenshot_1622069410252.html" height="410" width="670"&gt;&lt;/iframe&gt;</msg>
<status status="PASS" starttime="20210526 19:50:10.252" endtime="20210526 19:50:10.252"/>
</kw>
<status status="PASS" starttime="20210526 19:50:10.252" endtime="20210526 19:50:10.252"/>
</kw>
<status status="PASS" starttime="20210526 19:50:09.530" endtime="20210526 19:50:10.252"/>
</kw>
<status status="PASS" starttime="20210526 19:50:09.515" endtime="20210526 19:50:10.252"/>
</kw>
<status status="PASS" starttime="20210526 19:50:09.515" endtime="20210526 19:50:10.252"/>
</kw>
<kw name="Acionar Action" library="Faculdade">
<kw name="Acessar o Sistema" library="LoginDAO">
<arg>A</arg>
<arg>21</arg>
<arg>11</arg>
<kw name="Digitar Na Posicao" library="Mainframe">
<arg>${dado}</arg>
<arg>${x}</arg>
<arg>${y}</arg>
<kw name="Limpar campo" library="Mainframe">
<arg>${y}</arg>
<arg>${x}</arg>
<kw name="Delete Field" library="Mainframe3270">
<arg>${x}</arg>
<arg>${y}</arg>
<doc>Delete a entire contents in field at current cursor location and positions
cursor at beginning of field. If you want to delete a field that is in
another position, simply pass the coordinates "ypos"/"xpos" of any part of the field.</doc>
<status status="PASS" starttime="20210526 19:50:10.252" endtime="20210526 19:50:10.252"/>
</kw>
<status status="PASS" starttime="20210526 19:50:10.252" endtime="20210526 19:50:10.252"/>
</kw>
<kw name="Write Bare In Position" library="Mainframe3270">
<arg>${text}</arg>
<arg>${y}</arg>
<arg>${x}</arg>
<doc>Send only the string to the screen at screen co-ordinates "ypos"/"xpos".</doc>
<status status="PASS" starttime="20210526 19:50:10.252" endtime="20210526 19:50:10.252"/>
</kw>
<status status="PASS" starttime="20210526 19:50:10.252" endtime="20210526 19:50:10.252"/>
</kw>
<kw name="Transmitir" library="Mainframe">
<kw name="Capturar Screenshot" library="Mainframe">
<kw name="Take Screenshot" library="Mainframe3270">
<doc>Generate a screenshot of the IBM 3270 Mainframe in a html format. The
default folder is the log folder of RobotFramework, if you want change see the `Set Screenshot Folder`.</doc>
<msg timestamp="20210526 19:50:10.268" level="INFO" html="true">&lt;iframe src="./screenshot_1622069410268.html" height="410" width="670"&gt;&lt;/iframe&gt;</msg>
<status status="PASS" starttime="20210526 19:50:10.268" endtime="20210526 19:50:10.268"/>
</kw>
<status status="PASS" starttime="20210526 19:50:10.252" endtime="20210526 19:50:10.268"/>
</kw>
<kw name="Send Enter" library="Mainframe3270">
<doc>Send a Enter to the screen.</doc>
<status status="PASS" starttime="20210526 19:50:10.268" endtime="20210526 19:50:11.001"/>
</kw>
<kw name="Capturar Screenshot" library="Mainframe">
<kw name="Take Screenshot" library="Mainframe3270">
<doc>Generate a screenshot of the IBM 3270 Mainframe in a html format. The
default folder is the log folder of RobotFramework, if you want change see the `Set Screenshot Folder`.</doc>
<msg timestamp="20210526 19:50:11.001" level="INFO" html="true">&lt;iframe src="./screenshot_1622069411001.html" height="410" width="670"&gt;&lt;/iframe&gt;</msg>
<status status="PASS" starttime="20210526 19:50:11.001" endtime="20210526 19:50:11.001"/>
</kw>
<status status="PASS" starttime="20210526 19:50:11.001" endtime="20210526 19:50:11.001"/>
</kw>
<status status="PASS" starttime="20210526 19:50:10.252" endtime="20210526 19:50:11.001"/>
</kw>
<status status="PASS" starttime="20210526 19:50:10.252" endtime="20210526 19:50:11.001"/>
</kw>
<kw name="Send Enter" library="Mainframe3270">
<doc>Send a Enter to the screen.</doc>
<status status="PASS" starttime="20210526 19:50:11.001" endtime="20210526 19:50:11.732"/>
</kw>
<status status="PASS" starttime="20210526 19:50:10.252" endtime="20210526 19:50:11.733"/>
</kw>
<kw name="Acionar Action - B" library="Faculdade">
<kw name="Acessar o Sistema" library="LoginDAO">
<arg>B</arg>
<arg>21</arg>
<arg>11</arg>
<kw name="Digitar Na Posicao" library="Mainframe">
<arg>${dado}</arg>
<arg>${x}</arg>
<arg>${y}</arg>
<kw name="Limpar campo" library="Mainframe">
<arg>${y}</arg>
<arg>${x}</arg>
<kw name="Delete Field" library="Mainframe3270">
<arg>${x}</arg>
<arg>${y}</arg>
<doc>Delete a entire contents in field at current cursor location and positions
cursor at beginning of field. If you want to delete a field that is in
another position, simply pass the coordinates "ypos"/"xpos" of any part of the field.</doc>
<status status="PASS" starttime="20210526 19:50:11.738" endtime="20210526 19:50:11.738"/>
</kw>
<status status="PASS" starttime="20210526 19:50:11.738" endtime="20210526 19:50:11.738"/>
</kw>
<kw name="Write Bare In Position" library="Mainframe3270">
<arg>${text}</arg>
<arg>${y}</arg>
<arg>${x}</arg>
<doc>Send only the string to the screen at screen co-ordinates "ypos"/"xpos".</doc>
<status status="PASS" starttime="20210526 19:50:11.738" endtime="20210526 19:50:11.738"/>
</kw>
<status status="PASS" starttime="20210526 19:50:11.737" endtime="20210526 19:50:11.738"/>
</kw>
<kw name="Transmitir" library="Mainframe">
<kw name="Capturar Screenshot" library="Mainframe">
<kw name="Take Screenshot" library="Mainframe3270">
<doc>Generate a screenshot of the IBM 3270 Mainframe in a html format. The
default folder is the log folder of RobotFramework, if you want change see the `Set Screenshot Folder`.</doc>
<msg timestamp="20210526 19:50:11.738" level="INFO" html="true">&lt;iframe src="./screenshot_1622069411738.html" height="410" width="670"&gt;&lt;/iframe&gt;</msg>
<status status="PASS" starttime="20210526 19:50:11.738" endtime="20210526 19:50:11.738"/>
</kw>
<status status="PASS" starttime="20210526 19:50:11.738" endtime="20210526 19:50:11.738"/>
</kw>
<kw name="Send Enter" library="Mainframe3270">
<doc>Send a Enter to the screen.</doc>
<status status="PASS" starttime="20210526 19:50:11.738" endtime="20210526 19:50:12.469"/>
</kw>
<kw name="Capturar Screenshot" library="Mainframe">
<kw name="Take Screenshot" library="Mainframe3270">
<doc>Generate a screenshot of the IBM 3270 Mainframe in a html format. The
default folder is the log folder of RobotFramework, if you want change see the `Set Screenshot Folder`.</doc>
<msg timestamp="20210526 19:50:12.469" level="INFO" html="true">&lt;iframe src="./screenshot_1622069412469.html" height="410" width="670"&gt;&lt;/iframe&gt;</msg>
<status status="PASS" starttime="20210526 19:50:12.469" endtime="20210526 19:50:12.469"/>
</kw>
<status status="PASS" starttime="20210526 19:50:12.469" endtime="20210526 19:50:12.469"/>
</kw>
<status status="PASS" starttime="20210526 19:50:11.738" endtime="20210526 19:50:12.469"/>
</kw>
<status status="PASS" starttime="20210526 19:50:11.736" endtime="20210526 19:50:12.469"/>
</kw>
<kw name="Send Enter" library="Mainframe3270">
<doc>Send a Enter to the screen.</doc>
<status status="PASS" starttime="20210526 19:50:12.469" endtime="20210526 19:50:13.202"/>
</kw>
<status status="PASS" starttime="20210526 19:50:11.735" endtime="20210526 19:50:13.202"/>
</kw>
<doc>Este caso de teste tem como objetivo validar quando for informado faculdade.</doc>
<tag>Fluxo Alternativo</tag>
<status status="PASS" starttime="20210526 19:50:08.045" endtime="20210526 19:50:13.202"/>
</test>
<test id="s1-s1-t3" name="CT003 - Help">
<kw name="Help" library="Faculdade">
<kw name="Acessar o Sistema" library="LoginDAO">
<arg>?</arg>
<arg>21</arg>
<arg>11</arg>
<kw name="Digitar Na Posicao" library="Mainframe">
<arg>${dado}</arg>
<arg>${x}</arg>
<arg>${y}</arg>
<kw name="Limpar campo" library="Mainframe">
<arg>${y}</arg>
<arg>${x}</arg>
<kw name="Delete Field" library="Mainframe3270">
<arg>${x}</arg>
<arg>${y}</arg>
<doc>Delete a entire contents in field at current cursor location and positions
cursor at beginning of field. If you want to delete a field that is in
another position, simply pass the coordinates "ypos"/"xpos" of any part of the field.</doc>
<status status="PASS" starttime="20210526 19:50:13.202" endtime="20210526 19:50:13.202"/>
</kw>
<status status="PASS" starttime="20210526 19:50:13.202" endtime="20210526 19:50:13.202"/>
</kw>
<kw name="Write Bare In Position" library="Mainframe3270">
<arg>${text}</arg>
<arg>${y}</arg>
<arg>${x}</arg>
<doc>Send only the string to the screen at screen co-ordinates "ypos"/"xpos".</doc>
<status status="PASS" starttime="20210526 19:50:13.202" endtime="20210526 19:50:13.218"/>
</kw>
<status status="PASS" starttime="20210526 19:50:13.202" endtime="20210526 19:50:13.218"/>
</kw>
<kw name="Transmitir" library="Mainframe">
<kw name="Capturar Screenshot" library="Mainframe">
<kw name="Take Screenshot" library="Mainframe3270">
<doc>Generate a screenshot of the IBM 3270 Mainframe in a html format. The
default folder is the log folder of RobotFramework, if you want change see the `Set Screenshot Folder`.</doc>
<msg timestamp="20210526 19:50:13.218" level="INFO" html="true">&lt;iframe src="./screenshot_1622069413218.html" height="410" width="670"&gt;&lt;/iframe&gt;</msg>
<status status="PASS" starttime="20210526 19:50:13.218" endtime="20210526 19:50:13.218"/>
</kw>
<status status="PASS" starttime="20210526 19:50:13.218" endtime="20210526 19:50:13.218"/>
</kw>
<kw name="Send Enter" library="Mainframe3270">
<doc>Send a Enter to the screen.</doc>
<status status="PASS" starttime="20210526 19:50:13.218" endtime="20210526 19:50:13.934"/>
</kw>
<kw name="Capturar Screenshot" library="Mainframe">
<kw name="Take Screenshot" library="Mainframe3270">
<doc>Generate a screenshot of the IBM 3270 Mainframe in a html format. The
default folder is the log folder of RobotFramework, if you want change see the `Set Screenshot Folder`.</doc>
<msg timestamp="20210526 19:50:13.934" level="INFO" html="true">&lt;iframe src="./screenshot_1622069413934.html" height="410" width="670"&gt;&lt;/iframe&gt;</msg>
<status status="PASS" starttime="20210526 19:50:13.934" endtime="20210526 19:50:13.934"/>
</kw>
<status status="PASS" starttime="20210526 19:50:13.934" endtime="20210526 19:50:13.934"/>
</kw>
<status status="PASS" starttime="20210526 19:50:13.218" endtime="20210526 19:50:13.934"/>
</kw>
<status status="PASS" starttime="20210526 19:50:13.202" endtime="20210526 19:50:13.934"/>
</kw>
<status status="PASS" starttime="20210526 19:50:13.202" endtime="20210526 19:50:13.934"/>
</kw>
<doc>Este caso de teste tem como objetivo validar o help.</doc>
<tag>Fluxo Alternativo</tag>
<status status="PASS" starttime="20210526 19:50:13.202" endtime="20210526 19:50:13.934"/>
</test>
<status status="PASS" starttime="20210526 19:49:56.776" endtime="20210526 19:50:13.934"/>
</suite>
<status status="PASS" starttime="20210526 19:49:56.744" endtime="20210526 19:50:13.950"/>
</suite>
<statistics>
<total>
<stat pass="3" fail="0" skip="0">All Tests</stat>
</total>
<tag>
<stat pass="2" fail="0" skip="0">Fluxo Alternativo</stat>
<stat pass="1" fail="0" skip="0">Fluxo Principal</stat>
</tag>
<suite>
<stat pass="3" fail="0" skip="0" id="s1" name="Testcase">Testcase</stat>
<stat pass="3" fail="0" skip="0" id="s1-s1" name="Login">Testcase.Login</stat>
</suite>
</statistics>
<errors>
</errors>
</robot>
